[debug] [2025-12-28T09:20:45.809Z] ----------------------------------------------------------------------
[debug] [2025-12-28T09:20:45.815Z] Command:       /opt/homebrew/Cellar/node/25.2.1/bin/node /opt/homebrew/bin/firebase deploy --only functions
[debug] [2025-12-28T09:20:45.815Z] CLI Version:   15.1.0
[debug] [2025-12-28T09:20:45.815Z] Platform:      darwin
[debug] [2025-12-28T09:20:45.815Z] Node Version:  v25.2.1
[debug] [2025-12-28T09:20:45.816Z] Time:          Sun Dec 28 2025 18:20:45 GMT+0900 (日本標準時)
[debug] [2025-12-28T09:20:45.816Z] ----------------------------------------------------------------------
[debug] 
[debug] [2025-12-28T09:20:46.470Z] > command requires scopes: ["email","openid","https://www.googleapis.com/auth/cloudplatformprojects.readonly","https://www.googleapis.com/auth/firebase","https://www.googleapis.com/auth/cloud-platform"]
[debug] [2025-12-28T09:20:46.470Z] > authorizing via signed-in user (taku.enginner@gmail.com)
[debug] [2025-12-28T09:20:46.470Z] [iam] checking project olis-5e45c for permissions ["cloudfunctions.functions.create","cloudfunctions.functions.delete","cloudfunctions.functions.get","cloudfunctions.functions.list","cloudfunctions.functions.update","cloudfunctions.operations.get","firebase.projects.get"]
[debug] [2025-12-28T09:20:46.471Z] Checked if tokens are valid: true, expires at: 1766915878626
[debug] [2025-12-28T09:20:46.471Z] Checked if tokens are valid: true, expires at: 1766915878626
[debug] [2025-12-28T09:20:46.471Z] >>> [apiv2][query] POST https://cloudresourcemanager.googleapis.com/v1/projects/olis-5e45c:testIamPermissions [none]
[debug] [2025-12-28T09:20:46.471Z] >>> [apiv2][(partial)header] POST https://cloudresourcemanager.googleapis.com/v1/projects/olis-5e45c:testIamPermissions x-goog-quota-user=projects/olis-5e45c
[debug] [2025-12-28T09:20:46.471Z] >>> [apiv2][body] POST https://cloudresourcemanager.googleapis.com/v1/projects/olis-5e45c:testIamPermissions {"permissions":["cloudfunctions.functions.create","cloudfunctions.functions.delete","cloudfunctions.functions.get","cloudfunctions.functions.list","cloudfunctions.functions.update","cloudfunctions.operations.get","firebase.projects.get"]}
[debug] [2025-12-28T09:20:46.678Z] <<< [apiv2][status] POST https://cloudresourcemanager.googleapis.com/v1/projects/olis-5e45c:testIamPermissions 200
[debug] [2025-12-28T09:20:46.679Z] <<< [apiv2][body] POST https://cloudresourcemanager.googleapis.com/v1/projects/olis-5e45c:testIamPermissions {"permissions":["cloudfunctions.functions.create","cloudfunctions.functions.delete","cloudfunctions.functions.get","cloudfunctions.functions.list","cloudfunctions.functions.update","cloudfunctions.operations.get","firebase.projects.get"]}
[debug] [2025-12-28T09:20:46.679Z] Checked if tokens are valid: true, expires at: 1766915878626
[debug] [2025-12-28T09:20:46.679Z] Checked if tokens are valid: true, expires at: 1766915878626
[debug] [2025-12-28T09:20:46.679Z] >>> [apiv2][query] POST https://iam.googleapis.com/v1/projects/olis-5e45c/serviceAccounts/olis-5e45c@appspot.gserviceaccount.com:testIamPermissions [none]
[debug] [2025-12-28T09:20:46.679Z] >>> [apiv2][body] POST https://iam.googleapis.com/v1/projects/olis-5e45c/serviceAccounts/olis-5e45c@appspot.gserviceaccount.com:testIamPermissions {"permissions":["iam.serviceAccounts.actAs"]}
[debug] [2025-12-28T09:20:47.654Z] <<< [apiv2][status] POST https://iam.googleapis.com/v1/projects/olis-5e45c/serviceAccounts/olis-5e45c@appspot.gserviceaccount.com:testIamPermissions 200
[debug] [2025-12-28T09:20:47.654Z] <<< [apiv2][body] POST https://iam.googleapis.com/v1/projects/olis-5e45c/serviceAccounts/olis-5e45c@appspot.gserviceaccount.com:testIamPermissions {"permissions":["iam.serviceAccounts.actAs"]}
[info] 
[info] === Deploying to 'olis-5e45c'...
[info] 
[info] i  deploying functions 
[info] Running command: npm --prefix "$RESOURCE_DIR" run build
[info] ✔  functions: Finished running predeploy script. 
[debug] [2025-12-28T09:20:50.392Z] Checked if tokens are valid: true, expires at: 1766915878626
[debug] [2025-12-28T09:20:50.392Z] Checked if tokens are valid: true, expires at: 1766915878626
[debug] [2025-12-28T09:20:50.392Z] >>> [apiv2][query] GET https://cloudresourcemanager.googleapis.com/v1/projects/olis-5e45c [none]
[debug] [2025-12-28T09:20:50.577Z] <<< [apiv2][status] GET https://cloudresourcemanager.googleapis.com/v1/projects/olis-5e45c 200
[debug] [2025-12-28T09:20:50.577Z] <<< [apiv2][body] GET https://cloudresourcemanager.googleapis.com/v1/projects/olis-5e45c {"projectNumber":"612108613836","projectId":"olis-5e45c","lifecycleState":"ACTIVE","name":"Olis","labels":{"firebase":"enabled","firebase-core":"disabled"},"createTime":"2025-12-28T08:57:06.023311Z"}
[info] i  functions: preparing codebase default for deployment 
[info] i  functions: ensuring required API cloudfunctions.googleapis.com is enabled... 
[info] i  functions: ensuring required API cloudbuild.googleapis.com is enabled... 
[debug] [2025-12-28T09:20:50.578Z] Checked if tokens are valid: true, expires at: 1766915878626
[debug] [2025-12-28T09:20:50.578Z] Checked if tokens are valid: true, expires at: 1766915878626
[info] i  artifactregistry: ensuring required API artifactregistry.googleapis.com is enabled... 
[debug] [2025-12-28T09:20:50.578Z] Checked if tokens are valid: true, expires at: 1766915878626
[debug] [2025-12-28T09:20:50.578Z] Checked if tokens are valid: true, expires at: 1766915878626
[debug] [2025-12-28T09:20:50.578Z] >>> [apiv2][query] GET https://serviceusage.googleapis.com/v1/projects/olis-5e45c/services/cloudbuild.googleapis.com [none]
[debug] [2025-12-28T09:20:50.578Z] >>> [apiv2][(partial)header] GET https://serviceusage.googleapis.com/v1/projects/olis-5e45c/services/cloudbuild.googleapis.com x-goog-quota-user=projects/olis-5e45c
[debug] [2025-12-28T09:20:50.579Z] >>> [apiv2][query] GET https://serviceusage.googleapis.com/v1/projects/olis-5e45c/services/artifactregistry.googleapis.com [none]
[debug] [2025-12-28T09:20:50.579Z] >>> [apiv2][(partial)header] GET https://serviceusage.googleapis.com/v1/projects/olis-5e45c/services/artifactregistry.googleapis.com x-goog-quota-user=projects/olis-5e45c
[debug] [2025-12-28T09:20:51.512Z] <<< [apiv2][status] GET https://serviceusage.googleapis.com/v1/projects/olis-5e45c/services/artifactregistry.googleapis.com 200
[debug] [2025-12-28T09:20:51.513Z] <<< [apiv2][body] GET https://serviceusage.googleapis.com/v1/projects/olis-5e45c/services/artifactregistry.googleapis.com [omitted]
[warn] ⚠  artifactregistry: missing required API artifactregistry.googleapis.com. Enabling now... 
[debug] [2025-12-28T09:20:51.513Z] Checked if tokens are valid: true, expires at: 1766915878626
[debug] [2025-12-28T09:20:51.513Z] Checked if tokens are valid: true, expires at: 1766915878626
[debug] [2025-12-28T09:20:51.513Z] >>> [apiv2][query] POST https://serviceusage.googleapis.com/v1/projects/olis-5e45c/services/artifactregistry.googleapis.com:enable [none]
[debug] [2025-12-28T09:20:51.513Z] >>> [apiv2][(partial)header] POST https://serviceusage.googleapis.com/v1/projects/olis-5e45c/services/artifactregistry.googleapis.com:enable x-goog-quota-user=projects/olis-5e45c
[debug] [2025-12-28T09:20:51.520Z] <<< [apiv2][status] GET https://serviceusage.googleapis.com/v1/projects/olis-5e45c/services/cloudbuild.googleapis.com 200
[debug] [2025-12-28T09:20:51.520Z] <<< [apiv2][body] GET https://serviceusage.googleapis.com/v1/projects/olis-5e45c/services/cloudbuild.googleapis.com [omitted]
[warn] ⚠  functions: missing required API cloudbuild.googleapis.com. Enabling now... 
[debug] [2025-12-28T09:20:51.521Z] Checked if tokens are valid: true, expires at: 1766915878626
[debug] [2025-12-28T09:20:51.521Z] Checked if tokens are valid: true, expires at: 1766915878626
[debug] [2025-12-28T09:20:51.521Z] >>> [apiv2][query] POST https://serviceusage.googleapis.com/v1/projects/olis-5e45c/services/cloudbuild.googleapis.com:enable [none]
[debug] [2025-12-28T09:20:51.521Z] >>> [apiv2][(partial)header] POST https://serviceusage.googleapis.com/v1/projects/olis-5e45c/services/cloudbuild.googleapis.com:enable x-goog-quota-user=projects/olis-5e45c
[debug] [2025-12-28T09:20:51.819Z] <<< [apiv2][status] POST https://serviceusage.googleapis.com/v1/projects/olis-5e45c/services/artifactregistry.googleapis.com:enable 200
[debug] [2025-12-28T09:20:51.820Z] <<< [apiv2][body] POST https://serviceusage.googleapis.com/v1/projects/olis-5e45c/services/artifactregistry.googleapis.com:enable [omitted]
[debug] [2025-12-28T09:20:52.582Z] <<< [apiv2][status] POST https://serviceusage.googleapis.com/v1/projects/olis-5e45c/services/cloudbuild.googleapis.com:enable 200
[debug] [2025-12-28T09:20:52.583Z] <<< [apiv2][body] POST https://serviceusage.googleapis.com/v1/projects/olis-5e45c/services/cloudbuild.googleapis.com:enable [omitted]
[debug] [2025-12-28T09:21:02.605Z] Checked if tokens are valid: true, expires at: 1766915878626
[debug] [2025-12-28T09:21:02.606Z] Checked if tokens are valid: true, expires at: 1766915878626
[debug] [2025-12-28T09:21:02.606Z] >>> [apiv2][query] GET https://firebase.googleapis.com/v1beta1/projects/olis-5e45c/adminSdkConfig [none]
[debug] [2025-12-28T09:21:03.012Z] <<< [apiv2][status] GET https://firebase.googleapis.com/v1beta1/projects/olis-5e45c/adminSdkConfig 200
[debug] [2025-12-28T09:21:03.013Z] <<< [apiv2][body] GET https://firebase.googleapis.com/v1beta1/projects/olis-5e45c/adminSdkConfig {"projectId":"olis-5e45c","storageBucket":"olis-5e45c.firebasestorage.app"}
[debug] [2025-12-28T09:21:03.014Z] Validating nodejs source
[debug] [2025-12-28T09:21:03.410Z] > [functions] package.json contents: {
  "name": "functions",
  "scripts": {
    "build": "tsc",
    "build:watch": "tsc --watch",
    "serve": "npm run build && firebase emulators:start --only functions",
    "shell": "npm run build && firebase functions:shell",
    "start": "npm run shell",
    "deploy": "firebase deploy --only functions",
    "logs": "firebase functions:log"
  },
  "engines": {
    "node": "24"
  },
  "main": "lib/index.js",
  "dependencies": {
    "axios": "^1.13.2",
    "firebase-admin": "^13.6.0",
    "firebase-functions": "^7.0.0"
  },
  "devDependencies": {
    "@types/node": "^25.0.3",
    "firebase-functions-test": "^3.4.1",
    "typescript": "^5.7.3"
  },
  "private": true
}
[debug] [2025-12-28T09:21:03.410Z] Building nodejs source
[info] i  functions: Loading and analyzing source code for codebase default to determine what to deploy 
[debug] [2025-12-28T09:21:03.411Z] Could not find functions.yaml. Must use http discovery
[debug] [2025-12-28T09:21:03.415Z] Found firebase-functions binary at '/Users/taku/Desktop/Olis/functions/node_modules/.bin/firebase-functions'
[info] Serving at port 8669

[debug] [2025-12-28T09:21:04.023Z] Got response from /__/functions.yaml {"endpoints":{"getGithubToken":{"availableMemoryMb":null,"timeoutSeconds":null,"minInstances":null,"maxInstances":10,"ingressSettings":null,"concurrency":null,"serviceAccountEmail":null,"vpc":null,"platform":"gcfv2","region":["asia-northeast1"],"secretEnvironmentVariables":[{"key":"GITHUB_CLIENT_SECRET"}],"labels":{},"callableTrigger":{},"entryPoint":"getGithubToken"}},"specVersion":"v1alpha1","requiredAPIs":[],"extensions":{}}
[info] i  extensions: ensuring required API firebaseextensions.googleapis.com is enabled... 
[debug] [2025-12-28T09:21:08.044Z] Checked if tokens are valid: true, expires at: 1766915878626
[debug] [2025-12-28T09:21:08.044Z] Checked if tokens are valid: true, expires at: 1766915878626
[debug] [2025-12-28T09:21:08.045Z] >>> [apiv2][query] GET https://serviceusage.googleapis.com/v1/projects/olis-5e45c/services/firebaseextensions.googleapis.com [none]
[debug] [2025-12-28T09:21:08.045Z] >>> [apiv2][(partial)header] GET https://serviceusage.googleapis.com/v1/projects/olis-5e45c/services/firebaseextensions.googleapis.com x-goog-quota-user=projects/olis-5e45c
[debug] [2025-12-28T09:21:09.058Z] <<< [apiv2][status] GET https://serviceusage.googleapis.com/v1/projects/olis-5e45c/services/firebaseextensions.googleapis.com 200
[debug] [2025-12-28T09:21:09.058Z] <<< [apiv2][body] GET https://serviceusage.googleapis.com/v1/projects/olis-5e45c/services/firebaseextensions.googleapis.com [omitted]
[warn] ⚠  extensions: missing required API firebaseextensions.googleapis.com. Enabling now... 
[debug] [2025-12-28T09:21:09.058Z] Checked if tokens are valid: true, expires at: 1766915878626
[debug] [2025-12-28T09:21:09.059Z] Checked if tokens are valid: true, expires at: 1766915878626
[debug] [2025-12-28T09:21:09.059Z] >>> [apiv2][query] POST https://serviceusage.googleapis.com/v1/projects/olis-5e45c/services/firebaseextensions.googleapis.com:enable [none]
[debug] [2025-12-28T09:21:09.059Z] >>> [apiv2][(partial)header] POST https://serviceusage.googleapis.com/v1/projects/olis-5e45c/services/firebaseextensions.googleapis.com:enable x-goog-quota-user=projects/olis-5e45c
[debug] [2025-12-28T09:21:10.074Z] <<< [apiv2][status] POST https://serviceusage.googleapis.com/v1/projects/olis-5e45c/services/firebaseextensions.googleapis.com:enable 200
[debug] [2025-12-28T09:21:10.074Z] <<< [apiv2][body] POST https://serviceusage.googleapis.com/v1/projects/olis-5e45c/services/firebaseextensions.googleapis.com:enable [omitted]
[debug] [2025-12-28T09:21:20.087Z] > command requires scopes: ["email","openid","https://www.googleapis.com/auth/cloudplatformprojects.readonly","https://www.googleapis.com/auth/firebase","https://www.googleapis.com/auth/cloud-platform"]
[debug] [2025-12-28T09:21:20.087Z] > authorizing via signed-in user (taku.enginner@gmail.com)
[debug] [2025-12-28T09:21:20.087Z] [iam] checking project olis-5e45c for permissions ["firebase.projects.get","firebaseextensions.instances.list"]
[debug] [2025-12-28T09:21:20.087Z] Checked if tokens are valid: true, expires at: 1766915878626
[debug] [2025-12-28T09:21:20.087Z] Checked if tokens are valid: true, expires at: 1766915878626
[debug] [2025-12-28T09:21:20.088Z] >>> [apiv2][query] POST https://cloudresourcemanager.googleapis.com/v1/projects/olis-5e45c:testIamPermissions [none]
[debug] [2025-12-28T09:21:20.088Z] >>> [apiv2][(partial)header] POST https://cloudresourcemanager.googleapis.com/v1/projects/olis-5e45c:testIamPermissions x-goog-quota-user=projects/olis-5e45c
[debug] [2025-12-28T09:21:20.088Z] >>> [apiv2][body] POST https://cloudresourcemanager.googleapis.com/v1/projects/olis-5e45c:testIamPermissions {"permissions":["firebase.projects.get","firebaseextensions.instances.list"]}
[debug] [2025-12-28T09:21:20.729Z] <<< [apiv2][status] POST https://cloudresourcemanager.googleapis.com/v1/projects/olis-5e45c:testIamPermissions 200
[debug] [2025-12-28T09:21:20.729Z] <<< [apiv2][body] POST https://cloudresourcemanager.googleapis.com/v1/projects/olis-5e45c:testIamPermissions {"permissions":["firebase.projects.get","firebaseextensions.instances.list"]}
[debug] [2025-12-28T09:21:20.729Z] Checked if tokens are valid: true, expires at: 1766915878626
[debug] [2025-12-28T09:21:20.729Z] Checked if tokens are valid: true, expires at: 1766915878626
[debug] [2025-12-28T09:21:20.730Z] >>> [apiv2][query] GET https://firebaseextensions.googleapis.com/v1beta/projects/olis-5e45c/instances pageSize=100&pageToken=
[debug] [2025-12-28T09:21:24.358Z] <<< [apiv2][status] GET https://firebaseextensions.googleapis.com/v1beta/projects/olis-5e45c/instances 200
[debug] [2025-12-28T09:21:24.358Z] <<< [apiv2][body] GET https://firebaseextensions.googleapis.com/v1beta/projects/olis-5e45c/instances {}
[info] i  functions: preparing functions directory for uploading... 
[info] i  functions: packaged /Users/taku/Desktop/Olis/functions (74.26 KB) for uploading 
[debug] [2025-12-28T09:21:24.392Z] Checked if tokens are valid: true, expires at: 1766915878626
[debug] [2025-12-28T09:21:24.392Z] Checked if tokens are valid: true, expires at: 1766915878626
[debug] [2025-12-28T09:21:24.392Z] >>> [apiv2][query] GET https://cloudfunctions.googleapis.com/v1/projects/olis-5e45c/locations/-/functions [none]
[debug] [2025-12-28T09:21:25.211Z] <<< [apiv2][status] GET https://cloudfunctions.googleapis.com/v1/projects/olis-5e45c/locations/-/functions 200
[debug] [2025-12-28T09:21:25.211Z] <<< [apiv2][body] GET https://cloudfunctions.googleapis.com/v1/projects/olis-5e45c/locations/-/functions {}
[debug] [2025-12-28T09:21:25.212Z] Checked if tokens are valid: true, expires at: 1766915878626
[debug] [2025-12-28T09:21:25.212Z] Checked if tokens are valid: true, expires at: 1766915878626
[debug] [2025-12-28T09:21:25.212Z] >>> [apiv2][query] GET https://cloudfunctions.googleapis.com/v2/projects/olis-5e45c/locations/-/functions filter=environment%3D%22GEN_2%22
[debug] [2025-12-28T09:21:26.490Z] <<< [apiv2][status] GET https://cloudfunctions.googleapis.com/v2/projects/olis-5e45c/locations/-/functions 200
[debug] [2025-12-28T09:21:26.491Z] <<< [apiv2][body] GET https://cloudfunctions.googleapis.com/v2/projects/olis-5e45c/locations/-/functions {}
[info] i  functions: ensuring required API run.googleapis.com is enabled... 
[debug] [2025-12-28T09:21:26.493Z] Checked if tokens are valid: true, expires at: 1766915878626
[debug] [2025-12-28T09:21:26.493Z] Checked if tokens are valid: true, expires at: 1766915878626
[info] i  functions: ensuring required API eventarc.googleapis.com is enabled... 
[debug] [2025-12-28T09:21:26.494Z] Checked if tokens are valid: true, expires at: 1766915878626
[debug] [2025-12-28T09:21:26.494Z] Checked if tokens are valid: true, expires at: 1766915878626
[info] i  functions: ensuring required API pubsub.googleapis.com is enabled... 
[debug] [2025-12-28T09:21:26.494Z] Checked if tokens are valid: true, expires at: 1766915878626
[debug] [2025-12-28T09:21:26.494Z] Checked if tokens are valid: true, expires at: 1766915878626
[info] i  functions: ensuring required API storage.googleapis.com is enabled... 
[debug] [2025-12-28T09:21:26.494Z] Checked if tokens are valid: true, expires at: 1766915878626
[debug] [2025-12-28T09:21:26.494Z] Checked if tokens are valid: true, expires at: 1766915878626
[debug] [2025-12-28T09:21:26.494Z] >>> [apiv2][query] GET https://serviceusage.googleapis.com/v1/projects/612108613836/services/run.googleapis.com [none]
[debug] [2025-12-28T09:21:26.494Z] >>> [apiv2][(partial)header] GET https://serviceusage.googleapis.com/v1/projects/612108613836/services/run.googleapis.com x-goog-quota-user=projects/612108613836
[debug] [2025-12-28T09:21:26.496Z] >>> [apiv2][query] GET https://serviceusage.googleapis.com/v1/projects/612108613836/services/eventarc.googleapis.com [none]
[debug] [2025-12-28T09:21:26.496Z] >>> [apiv2][(partial)header] GET https://serviceusage.googleapis.com/v1/projects/612108613836/services/eventarc.googleapis.com x-goog-quota-user=projects/612108613836
[debug] [2025-12-28T09:21:26.497Z] >>> [apiv2][query] GET https://serviceusage.googleapis.com/v1/projects/612108613836/services/pubsub.googleapis.com [none]
[debug] [2025-12-28T09:21:26.497Z] >>> [apiv2][(partial)header] GET https://serviceusage.googleapis.com/v1/projects/612108613836/services/pubsub.googleapis.com x-goog-quota-user=projects/612108613836
[debug] [2025-12-28T09:21:26.498Z] >>> [apiv2][query] GET https://serviceusage.googleapis.com/v1/projects/612108613836/services/storage.googleapis.com [none]
[debug] [2025-12-28T09:21:26.498Z] >>> [apiv2][(partial)header] GET https://serviceusage.googleapis.com/v1/projects/612108613836/services/storage.googleapis.com x-goog-quota-user=projects/612108613836
[debug] [2025-12-28T09:21:27.406Z] <<< [apiv2][status] GET https://serviceusage.googleapis.com/v1/projects/612108613836/services/eventarc.googleapis.com 200
[debug] [2025-12-28T09:21:27.406Z] <<< [apiv2][body] GET https://serviceusage.googleapis.com/v1/projects/612108613836/services/eventarc.googleapis.com [omitted]
[warn] ⚠  functions: missing required API eventarc.googleapis.com. Enabling now... 
[debug] [2025-12-28T09:21:27.407Z] Checked if tokens are valid: true, expires at: 1766915878626
[debug] [2025-12-28T09:21:27.407Z] Checked if tokens are valid: true, expires at: 1766915878626
[debug] [2025-12-28T09:21:27.407Z] >>> [apiv2][query] POST https://serviceusage.googleapis.com/v1/projects/612108613836/services/eventarc.googleapis.com:enable [none]
[debug] [2025-12-28T09:21:27.407Z] >>> [apiv2][(partial)header] POST https://serviceusage.googleapis.com/v1/projects/612108613836/services/eventarc.googleapis.com:enable x-goog-quota-user=projects/612108613836
[debug] [2025-12-28T09:21:27.412Z] <<< [apiv2][status] GET https://serviceusage.googleapis.com/v1/projects/612108613836/services/storage.googleapis.com 200
[debug] [2025-12-28T09:21:27.412Z] <<< [apiv2][body] GET https://serviceusage.googleapis.com/v1/projects/612108613836/services/storage.googleapis.com [omitted]
[info] ✔  functions: required API storage.googleapis.com is enabled 
[debug] [2025-12-28T09:21:27.426Z] <<< [apiv2][status] GET https://serviceusage.googleapis.com/v1/projects/612108613836/services/run.googleapis.com 200
[debug] [2025-12-28T09:21:27.426Z] <<< [apiv2][body] GET https://serviceusage.googleapis.com/v1/projects/612108613836/services/run.googleapis.com [omitted]
[warn] ⚠  functions: missing required API run.googleapis.com. Enabling now... 
[debug] [2025-12-28T09:21:27.427Z] Checked if tokens are valid: true, expires at: 1766915878626
[debug] [2025-12-28T09:21:27.427Z] Checked if tokens are valid: true, expires at: 1766915878626
[debug] [2025-12-28T09:21:27.427Z] >>> [apiv2][query] POST https://serviceusage.googleapis.com/v1/projects/612108613836/services/run.googleapis.com:enable [none]
[debug] [2025-12-28T09:21:27.427Z] >>> [apiv2][(partial)header] POST https://serviceusage.googleapis.com/v1/projects/612108613836/services/run.googleapis.com:enable x-goog-quota-user=projects/612108613836
[debug] [2025-12-28T09:21:27.428Z] <<< [apiv2][status] GET https://serviceusage.googleapis.com/v1/projects/612108613836/services/pubsub.googleapis.com 200
[debug] [2025-12-28T09:21:27.428Z] <<< [apiv2][body] GET https://serviceusage.googleapis.com/v1/projects/612108613836/services/pubsub.googleapis.com [omitted]
[info] ✔  functions: required API pubsub.googleapis.com is enabled 
[debug] [2025-12-28T09:21:28.393Z] <<< [apiv2][status] POST https://serviceusage.googleapis.com/v1/projects/612108613836/services/eventarc.googleapis.com:enable 200
[debug] [2025-12-28T09:21:28.393Z] <<< [apiv2][body] POST https://serviceusage.googleapis.com/v1/projects/612108613836/services/eventarc.googleapis.com:enable [omitted]
[debug] [2025-12-28T09:21:28.434Z] <<< [apiv2][status] POST https://serviceusage.googleapis.com/v1/projects/612108613836/services/run.googleapis.com:enable 200
[debug] [2025-12-28T09:21:28.434Z] <<< [apiv2][body] POST https://serviceusage.googleapis.com/v1/projects/612108613836/services/run.googleapis.com:enable [omitted]
[info] i  functions: generating the service identity for pubsub.googleapis.com... 
[debug] [2025-12-28T09:21:38.444Z] Checked if tokens are valid: true, expires at: 1766915878626
[debug] [2025-12-28T09:21:38.444Z] Checked if tokens are valid: true, expires at: 1766915878626
[info] i  functions: generating the service identity for eventarc.googleapis.com... 
[debug] [2025-12-28T09:21:38.444Z] Checked if tokens are valid: true, expires at: 1766915878626
[debug] [2025-12-28T09:21:38.444Z] Checked if tokens are valid: true, expires at: 1766915878626
[debug] [2025-12-28T09:21:38.444Z] >>> [apiv2][query] POST https://serviceusage.googleapis.com/v1beta1/projects/612108613836/services/pubsub.googleapis.com:generateServiceIdentity [none]
[debug] [2025-12-28T09:21:38.444Z] >>> [apiv2][(partial)header] POST https://serviceusage.googleapis.com/v1beta1/projects/612108613836/services/pubsub.googleapis.com:generateServiceIdentity x-goog-quota-user=projects/612108613836
[debug] [2025-12-28T09:21:38.444Z] >>> [apiv2][body] POST https://serviceusage.googleapis.com/v1beta1/projects/612108613836/services/pubsub.googleapis.com:generateServiceIdentity {}
[debug] [2025-12-28T09:21:38.446Z] >>> [apiv2][query] POST https://serviceusage.googleapis.com/v1beta1/projects/612108613836/services/eventarc.googleapis.com:generateServiceIdentity [none]
[debug] [2025-12-28T09:21:38.446Z] >>> [apiv2][(partial)header] POST https://serviceusage.googleapis.com/v1beta1/projects/612108613836/services/eventarc.googleapis.com:generateServiceIdentity x-goog-quota-user=projects/612108613836
[debug] [2025-12-28T09:21:38.446Z] >>> [apiv2][body] POST https://serviceusage.googleapis.com/v1beta1/projects/612108613836/services/eventarc.googleapis.com:generateServiceIdentity {}
[debug] [2025-12-28T09:21:39.646Z] <<< [apiv2][status] POST https://serviceusage.googleapis.com/v1beta1/projects/612108613836/services/pubsub.googleapis.com:generateServiceIdentity 200
[debug] [2025-12-28T09:21:39.647Z] <<< [apiv2][body] POST https://serviceusage.googleapis.com/v1beta1/projects/612108613836/services/pubsub.googleapis.com:generateServiceIdentity {"name":"operations/finished.DONE_OPERATION","done":true,"response":{"@type":"type.googleapis.com/google.api.serviceusage.v1beta1.ServiceIdentity","email":"service-612108613836@gcp-sa-pubsub.iam.gserviceaccount.com","uniqueId":"111362062763942540908"}}
[debug] [2025-12-28T09:21:39.677Z] <<< [apiv2][status] POST https://serviceusage.googleapis.com/v1beta1/projects/612108613836/services/eventarc.googleapis.com:generateServiceIdentity 200
[debug] [2025-12-28T09:21:39.677Z] <<< [apiv2][body] POST https://serviceusage.googleapis.com/v1beta1/projects/612108613836/services/eventarc.googleapis.com:generateServiceIdentity {"name":"operations/finished.DONE_OPERATION","done":true,"response":{"@type":"type.googleapis.com/google.api.serviceusage.v1beta1.ServiceIdentity","email":"service-612108613836@gcp-sa-eventarc.iam.gserviceaccount.com","uniqueId":"116415632205654006077"}}
[info] i  functions: ensuring required API secretmanager.googleapis.com is enabled... 
[debug] [2025-12-28T09:21:39.678Z] Checked if tokens are valid: true, expires at: 1766915878626
[debug] [2025-12-28T09:21:39.678Z] Checked if tokens are valid: true, expires at: 1766915878626
[debug] [2025-12-28T09:21:39.678Z] >>> [apiv2][query] GET https://serviceusage.googleapis.com/v1/projects/612108613836/services/secretmanager.googleapis.com [none]
[debug] [2025-12-28T09:21:39.678Z] >>> [apiv2][(partial)header] GET https://serviceusage.googleapis.com/v1/projects/612108613836/services/secretmanager.googleapis.com x-goog-quota-user=projects/612108613836
[debug] [2025-12-28T09:21:39.901Z] <<< [apiv2][status] GET https://serviceusage.googleapis.com/v1/projects/612108613836/services/secretmanager.googleapis.com 200
[debug] [2025-12-28T09:21:39.901Z] <<< [apiv2][body] GET https://serviceusage.googleapis.com/v1/projects/612108613836/services/secretmanager.googleapis.com [omitted]
[info] ✔  functions: required API secretmanager.googleapis.com is enabled 
[debug] [2025-12-28T09:21:39.910Z] Checked if tokens are valid: true, expires at: 1766915878626
[debug] [2025-12-28T09:21:39.910Z] Checked if tokens are valid: true, expires at: 1766915878626
[debug] [2025-12-28T09:21:39.911Z] >>> [apiv2][query] GET https://secretmanager.googleapis.com/v1/projects/olis-5e45c/secrets/GITHUB_CLIENT_SECRET/versions/latest [none]
[debug] [2025-12-28T09:21:40.139Z] <<< [apiv2][status] GET https://secretmanager.googleapis.com/v1/projects/olis-5e45c/secrets/GITHUB_CLIENT_SECRET/versions/latest 200
[debug] [2025-12-28T09:21:40.139Z] <<< [apiv2][body] GET https://secretmanager.googleapis.com/v1/projects/olis-5e45c/secrets/GITHUB_CLIENT_SECRET/versions/latest {"name":"projects/612108613836/secrets/GITHUB_CLIENT_SECRET/versions/2","createTime":"2025-12-28T09:05:33.550483Z","state":"ENABLED","replicationStatus":{"automatic":{}},"etag":"\"1646ff6dd51793\""}
[debug] [2025-12-28T09:21:40.140Z] Resolved secret version of GITHUB_CLIENT_SECRET to 2.
[debug] [2025-12-28T09:21:40.141Z] Checked if tokens are valid: true, expires at: 1766915878626
[debug] [2025-12-28T09:21:40.141Z] Checked if tokens are valid: true, expires at: 1766915878626
[debug] [2025-12-28T09:21:40.141Z] >>> [apiv2][query] GET https://cloudresourcemanager.googleapis.com/v1/projects/olis-5e45c [none]
[debug] [2025-12-28T09:21:40.803Z] <<< [apiv2][status] GET https://cloudresourcemanager.googleapis.com/v1/projects/olis-5e45c 200
[debug] [2025-12-28T09:21:40.804Z] <<< [apiv2][body] GET https://cloudresourcemanager.googleapis.com/v1/projects/olis-5e45c {"projectNumber":"612108613836","projectId":"olis-5e45c","lifecycleState":"ACTIVE","name":"Olis","labels":{"firebase":"enabled","firebase-core":"disabled"},"createTime":"2025-12-28T08:57:06.023311Z"}
[debug] [2025-12-28T09:21:40.804Z] Checked if tokens are valid: true, expires at: 1766915878626
[debug] [2025-12-28T09:21:40.804Z] Checked if tokens are valid: true, expires at: 1766915878626
[debug] [2025-12-28T09:21:40.804Z] >>> [apiv2][query] GET https://compute.googleapis.com/compute/v1/projects/612108613836 [none]
[debug] [2025-12-28T09:21:41.096Z] <<< [apiv2][status] GET https://compute.googleapis.com/compute/v1/projects/612108613836 403
[debug] [2025-12-28T09:21:41.096Z] <<< [apiv2][body] GET https://compute.googleapis.com/compute/v1/projects/612108613836 {"error":{"code":403,"message":"Compute Engine API has not been used in project 612108613836 before or it is disabled. Enable it by visiting https://console.developers.google.com/apis/api/compute.googleapis.com/overview?project=612108613836 then retry. If you enabled this API recently, wait a few minutes for the action to propagate to our systems and retry.","errors":[{"message":"Compute Engine API has not been used in project 612108613836 before or it is disabled. Enable it by visiting https://console.developers.google.com/apis/api/compute.googleapis.com/overview?project=612108613836 then retry. If you enabled this API recently, wait a few minutes for the action to propagate to our systems and retry.","domain":"usageLimits","reason":"accessNotConfigured","extendedHelp":"https://console.developers.google.com"}],"status":"PERMISSION_DENIED","details":[{"@type":"type.googleapis.com/google.rpc.ErrorInfo","reason":"SERVICE_DISABLED","domain":"googleapis.com","metadata":{"containerInfo":"612108613836","serviceTitle":"Compute Engine API","consumer":"projects/612108613836","activationUrl":"https://console.developers.google.com/apis/api/compute.googleapis.com/overview?project=612108613836","service":"compute.googleapis.com"}},{"@type":"type.googleapis.com/google.rpc.LocalizedMessage","locale":"en-US","message":"Compute Engine API has not been used in project 612108613836 before or it is disabled. Enable it by visiting https://console.developers.google.com/apis/api/compute.googleapis.com/overview?project=612108613836 then retry. If you enabled this API recently, wait a few minutes for the action to propagate to our systems and retry."},{"@type":"type.googleapis.com/google.rpc.Help","links":[{"description":"Google developers console API activation","url":"https://console.developers.google.com/apis/api/compute.googleapis.com/overview?project=612108613836"}]}]}}
[debug] [2025-12-28T09:21:41.097Z] unable to look up default compute service account. Falling back to 612108613836-compute@developer.gserviceaccount.com. Error: {"name":"FirebaseError","children":[],"context":{"body":{"error":{"code":403,"message":"Compute Engine API has not been used in project 612108613836 before or it is disabled. Enable it by visiting https://console.developers.google.com/apis/api/compute.googleapis.com/overview?project=612108613836 then retry. If you enabled this API recently, wait a few minutes for the action to propagate to our systems and retry.","errors":[{"message":"Compute Engine API has not been used in project 612108613836 before or it is disabled. Enable it by visiting https://console.developers.google.com/apis/api/compute.googleapis.com/overview?project=612108613836 then retry. If you enabled this API recently, wait a few minutes for the action to propagate to our systems and retry.","domain":"usageLimits","reason":"accessNotConfigured","extendedHelp":"https://console.developers.google.com"}],"status":"PERMISSION_DENIED","details":[{"@type":"type.googleapis.com/google.rpc.ErrorInfo","reason":"SERVICE_DISABLED","domain":"googleapis.com","metadata":{"containerInfo":"612108613836","serviceTitle":"Compute Engine API","consumer":"projects/612108613836","activationUrl":"https://console.developers.google.com/apis/api/compute.googleapis.com/overview?project=612108613836","service":"compute.googleapis.com"}},{"@type":"type.googleapis.com/google.rpc.LocalizedMessage","locale":"en-US","message":"Compute Engine API has not been used in project 612108613836 before or it is disabled. Enable it by visiting https://console.developers.google.com/apis/api/compute.googleapis.com/overview?project=612108613836 then retry. If you enabled this API recently, wait a few minutes for the action to propagate to our systems and retry."},{"@type":"type.googleapis.com/google.rpc.Help","links":[{"description":"Google developers console API activation","url":"https://console.developers.google.com/apis/api/compute.googleapis.com/overview?project=612108613836"}]}]}},"response":{"statusCode":403}},"exit":1,"message":"Request to https://compute.googleapis.com/compute/v1/projects/612108613836 had HTTP Error: 403, Compute Engine API has not been used in project 612108613836 before or it is disabled. Enable it by visiting https://console.developers.google.com/apis/api/compute.googleapis.com/overview?project=612108613836 then retry. If you enabled this API recently, wait a few minutes for the action to propagate to our systems and retry.","status":403}
[info] i  functions: ensuring 612108613836-compute@developer.gserviceaccount.com access to secret GITHUB_CLIENT_SECRET. 
[debug] [2025-12-28T09:21:41.098Z] Checked if tokens are valid: true, expires at: 1766915878626
[debug] [2025-12-28T09:21:41.098Z] Checked if tokens are valid: true, expires at: 1766915878626
[debug] [2025-12-28T09:21:41.098Z] >>> [apiv2][query] GET https://secretmanager.googleapis.com/v1/projects/olis-5e45c/secrets/GITHUB_CLIENT_SECRET:getIamPolicy [none]
[debug] [2025-12-28T09:21:41.515Z] <<< [apiv2][status] GET https://secretmanager.googleapis.com/v1/projects/olis-5e45c/secrets/GITHUB_CLIENT_SECRET:getIamPolicy 200
[debug] [2025-12-28T09:21:41.515Z] <<< [apiv2][body] GET https://secretmanager.googleapis.com/v1/projects/olis-5e45c/secrets/GITHUB_CLIENT_SECRET:getIamPolicy {"etag":"ACAB"}
[debug] [2025-12-28T09:21:41.515Z] Checked if tokens are valid: true, expires at: 1766915878626
[debug] [2025-12-28T09:21:41.515Z] Checked if tokens are valid: true, expires at: 1766915878626
[debug] [2025-12-28T09:21:41.516Z] >>> [apiv2][query] POST https://secretmanager.googleapis.com/v1/projects/olis-5e45c/secrets/GITHUB_CLIENT_SECRET:setIamPolicy [none]
[debug] [2025-12-28T09:21:41.516Z] >>> [apiv2][body] POST https://secretmanager.googleapis.com/v1/projects/olis-5e45c/secrets/GITHUB_CLIENT_SECRET:setIamPolicy {"policy":{"bindings":[{"role":"roles/secretmanager.secretAccessor","members":["serviceAccount:612108613836-compute@developer.gserviceaccount.com"]}]},"updateMask":"bindings"}
[debug] [2025-12-28T09:21:41.997Z] <<< [apiv2][status] POST https://secretmanager.googleapis.com/v1/projects/olis-5e45c/secrets/GITHUB_CLIENT_SECRET:setIamPolicy 200
[debug] [2025-12-28T09:21:41.998Z] <<< [apiv2][body] POST https://secretmanager.googleapis.com/v1/projects/olis-5e45c/secrets/GITHUB_CLIENT_SECRET:setIamPolicy {"version":1,"etag":"BwZG/6eN7CM=","bindings":[{"role":"roles/secretmanager.secretAccessor","members":["serviceAccount:612108613836-compute@developer.gserviceaccount.com"]}]}
[info] ✔  secretmanager: Granted roles/secretmanager.secretAccessor on projects/olis-5e45c/secrets/GITHUB_CLIENT_SECRET to 612108613836-compute@developer.gserviceaccount.com 
[info] ✔  functions: ensured 612108613836-compute@developer.gserviceaccount.com access to GITHUB_CLIENT_SECRET. 
[debug] [2025-12-28T09:21:41.999Z] Checked if tokens are valid: true, expires at: 1766915878626
[debug] [2025-12-28T09:21:41.999Z] Checked if tokens are valid: true, expires at: 1766915878626
[debug] [2025-12-28T09:21:41.999Z] >>> [apiv2][query] GET https://cloudbilling.googleapis.com/v1/projects/olis-5e45c/billingInfo [none]
[debug] [2025-12-28T09:21:43.057Z] <<< [apiv2][status] GET https://cloudbilling.googleapis.com/v1/projects/olis-5e45c/billingInfo 200
[debug] [2025-12-28T09:21:43.057Z] <<< [apiv2][body] GET https://cloudbilling.googleapis.com/v1/projects/olis-5e45c/billingInfo {"name":"projects/olis-5e45c/billingInfo","projectId":"olis-5e45c","billingAccountName":"billingAccounts/01F6EA-E977B9-77BB5C","billingEnabled":true}
[debug] [2025-12-28T09:21:43.059Z] Checked if tokens are valid: true, expires at: 1766915878626
[debug] [2025-12-28T09:21:43.059Z] Checked if tokens are valid: true, expires at: 1766915878626
[debug] [2025-12-28T09:21:43.059Z] >>> [apiv2][query] POST https://cloudfunctions.googleapis.com/v2/projects/olis-5e45c/locations/asia-northeast1/functions:generateUploadUrl [none]
[debug] [2025-12-28T09:21:44.958Z] <<< [apiv2][status] POST https://cloudfunctions.googleapis.com/v2/projects/olis-5e45c/locations/asia-northeast1/functions:generateUploadUrl 200
[debug] [2025-12-28T09:21:44.959Z] <<< [apiv2][body] POST https://cloudfunctions.googleapis.com/v2/projects/olis-5e45c/locations/asia-northeast1/functions:generateUploadUrl {"uploadUrl":"https://storage.googleapis.com/gcf-v2-uploads-612108613836.asia-northeast1.cloudfunctions.appspot.com/595ac0d7-8b69-4ca0-aa42-12bbc16326e8.zip?GoogleAccessId=service-612108613836@gcf-admin-robot.iam.gserviceaccount.com&Expires=1766915504&Signature=rkWLSJOpzORoUSdOWDPCVepJj2fZfOJ3EWdD4WAKK1pRcmz5MqtS74RlyeI07qZLd81lqsPd7XxesQ6r0%2FYG0WKOCfo%2FuXOvJtvTFToEWnipycAN6H6W0iTHry8064J0Hvj%2BMaugIPfIbjIwlKCVL5Md710QrB4ttgBDtEP1g3P%2FPPmWnUYu8D83LOBPdtKi4Ba1c9Gw%2FJbVN3XWC72xOvockMlsDmb4n%2FTsnuFFQo%2BfkaZhZ%2BCpVnHwlN9rMPoZG%2FVhFVEA6MyRwyKbCGvpFv%2ByPTM7zV86SCN2M4KTW1FygrH7stB7jR2a9H4cHJej7y63uJUITvYF5tpq%2B2%2B6Xw%3D%3D","storageSource":{"bucket":"gcf-v2-uploads-612108613836.asia-northeast1.cloudfunctions.appspot.com","object":"595ac0d7-8b69-4ca0-aa42-12bbc16326e8.zip"}}
[debug] [2025-12-28T09:21:44.959Z] >>> [apiv2][query] PUT https://storage.googleapis.com/gcf-v2-uploads-612108613836.asia-northeast1.cloudfunctions.appspot.com/595ac0d7-8b69-4ca0-aa42-12bbc16326e8.zip GoogleAccessId=service-612108613836%40gcf-admin-robot.iam.gserviceaccount.com&Expires=1766915504&Signature=rkWLSJOpzORoUSdOWDPCVepJj2fZfOJ3EWdD4WAKK1pRcmz5MqtS74RlyeI07qZLd81lqsPd7XxesQ6r0%2FYG0WKOCfo%2FuXOvJtvTFToEWnipycAN6H6W0iTHry8064J0Hvj%2BMaugIPfIbjIwlKCVL5Md710QrB4ttgBDtEP1g3P%2FPPmWnUYu8D83LOBPdtKi4Ba1c9Gw%2FJbVN3XWC72xOvockMlsDmb4n%2FTsnuFFQo%2BfkaZhZ%2BCpVnHwlN9rMPoZG%2FVhFVEA6MyRwyKbCGvpFv%2ByPTM7zV86SCN2M4KTW1FygrH7stB7jR2a9H4cHJej7y63uJUITvYF5tpq%2B2%2B6Xw%3D%3D
[debug] [2025-12-28T09:21:44.960Z] >>> [apiv2][body] PUT https://storage.googleapis.com/gcf-v2-uploads-612108613836.asia-northeast1.cloudfunctions.appspot.com/595ac0d7-8b69-4ca0-aa42-12bbc16326e8.zip [stream]
[debug] [2025-12-28T09:21:45.101Z] <<< [apiv2][status] PUT https://storage.googleapis.com/gcf-v2-uploads-612108613836.asia-northeast1.cloudfunctions.appspot.com/595ac0d7-8b69-4ca0-aa42-12bbc16326e8.zip 200
[debug] [2025-12-28T09:21:45.102Z] <<< [apiv2][body] PUT https://storage.googleapis.com/gcf-v2-uploads-612108613836.asia-northeast1.cloudfunctions.appspot.com/595ac0d7-8b69-4ca0-aa42-12bbc16326e8.zip [omitted]
[info] ✔  functions: functions source uploaded successfully 
[info] i  functions: creating Node.js 24 (2nd Gen) function getGithubToken(asia-northeast1)... 
[debug] [2025-12-28T09:21:45.105Z] Checked if tokens are valid: true, expires at: 1766915878626
[debug] [2025-12-28T09:21:45.105Z] Checked if tokens are valid: true, expires at: 1766915878626
[debug] [2025-12-28T09:21:45.106Z] >>> [apiv2][query] POST https://cloudfunctions.googleapis.com/v2/projects/olis-5e45c/locations/asia-northeast1/functions functionId=getGithubToken
[debug] [2025-12-28T09:21:45.106Z] >>> [apiv2][body] POST https://cloudfunctions.googleapis.com/v2/projects/olis-5e45c/locations/asia-northeast1/functions {"name":"projects/olis-5e45c/locations/asia-northeast1/functions/getGithubToken","buildConfig":{"runtime":"nodejs24","entryPoint":"getGithubToken","source":{"storageSource":{"bucket":"gcf-v2-uploads-612108613836.asia-northeast1.cloudfunctions.appspot.com","object":"595ac0d7-8b69-4ca0-aa42-12bbc16326e8.zip"}},"environmentVariables":{"GOOGLE_NODE_RUN_SCRIPTS":""}},"serviceConfig":{"environmentVariables":{"FIREBASE_CONFIG":"{\"projectId\":\"olis-5e45c\",\"storageBucket\":\"olis-5e45c.firebasestorage.app\"}","GCLOUD_PROJECT":"olis-5e45c","EVENTARC_CLOUD_EVENT_SOURCE":"projects/olis-5e45c/locations/asia-northeast1/services/getGithubToken","FUNCTION_TARGET":"getGithubToken","LOG_EXECUTION_ID":"true"},"secretEnvironmentVariables":[{"key":"GITHUB_CLIENT_SECRET","secret":"GITHUB_CLIENT_SECRET","projectId":"olis-5e45c","version":"2"}],"ingressSettings":null,"timeoutSeconds":null,"serviceAccountEmail":null,"availableMemory":"256Mi","minInstanceCount":null,"maxInstanceCount":10,"maxInstanceRequestConcurrency":80,"availableCpu":"1","vpcConnector":null,"vpcConnectorEgressSettings":null},"labels":{"deployment-tool":"cli-firebase","deployment-callable":"true","firebase-functions-hash":"6c480355d5d96eeb4d2293fe1113df6954a66853"}}
[debug] [2025-12-28T09:21:47.922Z] <<< [apiv2][status] POST https://cloudfunctions.googleapis.com/v2/projects/olis-5e45c/locations/asia-northeast1/functions 200
[debug] [2025-12-28T09:21:47.922Z] <<< [apiv2][body] POST https://cloudfunctions.googleapis.com/v2/projects/olis-5e45c/locations/asia-northeast1/functions {"name":"projects/olis-5e45c/locations/asia-northeast1/operations/operation-1766913705395-646ffa7c24559-d540811b-2ca5f25b","metadata":{"@type":"type.googleapis.com/google.cloud.functions.v2.OperationMetadata","createTime":"2025-12-28T09:21:47.915878868Z","target":"projects/olis-5e45c/locations/asia-northeast1/functions/getGithubToken","verb":"create","cancelRequested":false,"apiVersion":"v2"},"done":false}
[debug] [2025-12-28T09:21:47.923Z] Checked if tokens are valid: true, expires at: 1766915878626
[debug] [2025-12-28T09:21:47.923Z] Checked if tokens are valid: true, expires at: 1766915878626
[debug] [2025-12-28T09:21:47.923Z] >>> [apiv2][query] GET https://cloudfunctions.googleapis.com/v2/projects/olis-5e45c/locations/asia-northeast1/operations/operation-1766913705395-646ffa7c24559-d540811b-2ca5f25b [none]
[debug] [2025-12-28T09:21:48.206Z] <<< [apiv2][status] GET https://cloudfunctions.googleapis.com/v2/projects/olis-5e45c/locations/asia-northeast1/operations/operation-1766913705395-646ffa7c24559-d540811b-2ca5f25b 200
[debug] [2025-12-28T09:21:48.206Z] <<< [apiv2][body] GET https://cloudfunctions.googleapis.com/v2/projects/olis-5e45c/locations/asia-northeast1/operations/operation-1766913705395-646ffa7c24559-d540811b-2ca5f25b {"name":"projects/olis-5e45c/locations/asia-northeast1/operations/operation-1766913705395-646ffa7c24559-d540811b-2ca5f25b","metadata":{"@type":"type.googleapis.com/google.cloud.functions.v2.OperationMetadata","createTime":"2025-12-28T09:21:47.915878868Z","target":"projects/olis-5e45c/locations/asia-northeast1/functions/getGithubToken","verb":"create","cancelRequested":false,"apiVersion":"v2","requestResource":{"@type":"type.googleapis.com/google.cloud.functions.v2.Function","name":"projects/olis-5e45c/locations/asia-northeast1/functions/getGithubToken","buildConfig":{"runtime":"nodejs24","entryPoint":"getGithubToken","source":{"storageSource":{"bucket":"gcf-v2-sources-612108613836-asia-northeast1","object":"getGithubToken/function-source.zip","generation":"1766913706681344"}},"environmentVariables":{"GOOGLE_NODE_RUN_SCRIPTS":""},"serviceAccount":"projects/olis-5e45c/serviceAccounts/612108613836-compute@developer.gserviceaccount.com","automaticUpdatePolicy":{}},"serviceConfig":{"service":"projects/olis-5e45c/locations/asia-northeast1/services/getgithubtoken","timeoutSeconds":60,"environmentVariables":{"FIREBASE_CONFIG":"{\"projectId\":\"olis-5e45c\",\"storageBucket\":\"olis-5e45c.firebasestorage.app\"}","GCLOUD_PROJECT":"olis-5e45c","EVENTARC_CLOUD_EVENT_SOURCE":"projects/olis-5e45c/locations/asia-northeast1/services/getGithubToken","FUNCTION_TARGET":"getGithubToken","LOG_EXECUTION_ID":"true"},"maxInstanceCount":10,"ingressSettings":"ALLOW_ALL","serviceAccountEmail":"612108613836-compute@developer.gserviceaccount.com","availableMemory":"256Mi","secretEnvironmentVariables":[{"key":"GITHUB_CLIENT_SECRET","projectId":"olis-5e45c","secret":"GITHUB_CLIENT_SECRET","version":"2"}],"maxInstanceRequestConcurrency":80,"availableCpu":"1"},"labels":{"deployment-tool":"cli-firebase","deployment-callable":"true","firebase-functions-hash":"6c480355d5d96eeb4d2293fe1113df6954a66853"},"environment":"GEN_2"},"stages":[{"name":"BUILD","state":"NOT_STARTED"},{"name":"SERVICE","state":"NOT_STARTED"}],"operationType":"CREATE_FUNCTION"},"done":false}
[debug] [2025-12-28T09:21:48.708Z] [create-default-asia-northeast1-getGithubToken] Retrying task index 0
[debug] [2025-12-28T09:21:48.708Z] Checked if tokens are valid: true, expires at: 1766915878626
[debug] [2025-12-28T09:21:48.708Z] Checked if tokens are valid: true, expires at: 1766915878626
[debug] [2025-12-28T09:21:48.708Z] >>> [apiv2][query] GET https://cloudfunctions.googleapis.com/v2/projects/olis-5e45c/locations/asia-northeast1/operations/operation-1766913705395-646ffa7c24559-d540811b-2ca5f25b [none]
[debug] [2025-12-28T09:21:49.000Z] <<< [apiv2][status] GET https://cloudfunctions.googleapis.com/v2/projects/olis-5e45c/locations/asia-northeast1/operations/operation-1766913705395-646ffa7c24559-d540811b-2ca5f25b 200
[debug] [2025-12-28T09:21:49.000Z] <<< [apiv2][body] GET https://cloudfunctions.googleapis.com/v2/projects/olis-5e45c/locations/asia-northeast1/operations/operation-1766913705395-646ffa7c24559-d540811b-2ca5f25b {"name":"projects/olis-5e45c/locations/asia-northeast1/operations/operation-1766913705395-646ffa7c24559-d540811b-2ca5f25b","metadata":{"@type":"type.googleapis.com/google.cloud.functions.v2.OperationMetadata","createTime":"2025-12-28T09:21:47.915878868Z","target":"projects/olis-5e45c/locations/asia-northeast1/functions/getGithubToken","verb":"create","cancelRequested":false,"apiVersion":"v2","requestResource":{"@type":"type.googleapis.com/google.cloud.functions.v2.Function","name":"projects/olis-5e45c/locations/asia-northeast1/functions/getGithubToken","buildConfig":{"runtime":"nodejs24","entryPoint":"getGithubToken","source":{"storageSource":{"bucket":"gcf-v2-sources-612108613836-asia-northeast1","object":"getGithubToken/function-source.zip","generation":"1766913706681344"}},"environmentVariables":{"GOOGLE_NODE_RUN_SCRIPTS":""},"serviceAccount":"projects/olis-5e45c/serviceAccounts/612108613836-compute@developer.gserviceaccount.com","automaticUpdatePolicy":{}},"serviceConfig":{"service":"projects/olis-5e45c/locations/asia-northeast1/services/getgithubtoken","timeoutSeconds":60,"environmentVariables":{"FIREBASE_CONFIG":"{\"projectId\":\"olis-5e45c\",\"storageBucket\":\"olis-5e45c.firebasestorage.app\"}","GCLOUD_PROJECT":"olis-5e45c","EVENTARC_CLOUD_EVENT_SOURCE":"projects/olis-5e45c/locations/asia-northeast1/services/getGithubToken","FUNCTION_TARGET":"getGithubToken","LOG_EXECUTION_ID":"true"},"maxInstanceCount":10,"ingressSettings":"ALLOW_ALL","serviceAccountEmail":"612108613836-compute@developer.gserviceaccount.com","availableMemory":"256Mi","secretEnvironmentVariables":[{"key":"GITHUB_CLIENT_SECRET","projectId":"olis-5e45c","secret":"GITHUB_CLIENT_SECRET","version":"2"}],"maxInstanceRequestConcurrency":80,"availableCpu":"1"},"labels":{"deployment-tool":"cli-firebase","deployment-callable":"true","firebase-functions-hash":"6c480355d5d96eeb4d2293fe1113df6954a66853"},"environment":"GEN_2"},"stages":[{"name":"BUILD","state":"NOT_STARTED"},{"name":"SERVICE","state":"NOT_STARTED"}],"operationType":"CREATE_FUNCTION"},"done":false}
[debug] [2025-12-28T09:21:50.001Z] [create-default-asia-northeast1-getGithubToken] Retrying task index 0
[debug] [2025-12-28T09:21:50.002Z] Checked if tokens are valid: true, expires at: 1766915878626
[debug] [2025-12-28T09:21:50.002Z] Checked if tokens are valid: true, expires at: 1766915878626
[debug] [2025-12-28T09:21:50.002Z] >>> [apiv2][query] GET https://cloudfunctions.googleapis.com/v2/projects/olis-5e45c/locations/asia-northeast1/operations/operation-1766913705395-646ffa7c24559-d540811b-2ca5f25b [none]
[debug] [2025-12-28T09:21:50.266Z] <<< [apiv2][status] GET https://cloudfunctions.googleapis.com/v2/projects/olis-5e45c/locations/asia-northeast1/operations/operation-1766913705395-646ffa7c24559-d540811b-2ca5f25b 200
[debug] [2025-12-28T09:21:50.266Z] <<< [apiv2][body] GET https://cloudfunctions.googleapis.com/v2/projects/olis-5e45c/locations/asia-northeast1/operations/operation-1766913705395-646ffa7c24559-d540811b-2ca5f25b {"name":"projects/olis-5e45c/locations/asia-northeast1/operations/operation-1766913705395-646ffa7c24559-d540811b-2ca5f25b","metadata":{"@type":"type.googleapis.com/google.cloud.functions.v2.OperationMetadata","createTime":"2025-12-28T09:21:47.915878868Z","target":"projects/olis-5e45c/locations/asia-northeast1/functions/getGithubToken","verb":"create","cancelRequested":false,"apiVersion":"v2","requestResource":{"@type":"type.googleapis.com/google.cloud.functions.v2.Function","name":"projects/olis-5e45c/locations/asia-northeast1/functions/getGithubToken","buildConfig":{"runtime":"nodejs24","entryPoint":"getGithubToken","source":{"storageSource":{"bucket":"gcf-v2-sources-612108613836-asia-northeast1","object":"getGithubToken/function-source.zip","generation":"1766913706681344"}},"environmentVariables":{"GOOGLE_NODE_RUN_SCRIPTS":""},"serviceAccount":"projects/olis-5e45c/serviceAccounts/612108613836-compute@developer.gserviceaccount.com","automaticUpdatePolicy":{}},"serviceConfig":{"service":"projects/olis-5e45c/locations/asia-northeast1/services/getgithubtoken","timeoutSeconds":60,"environmentVariables":{"FIREBASE_CONFIG":"{\"projectId\":\"olis-5e45c\",\"storageBucket\":\"olis-5e45c.firebasestorage.app\"}","GCLOUD_PROJECT":"olis-5e45c","EVENTARC_CLOUD_EVENT_SOURCE":"projects/olis-5e45c/locations/asia-northeast1/services/getGithubToken","FUNCTION_TARGET":"getGithubToken","LOG_EXECUTION_ID":"true"},"maxInstanceCount":10,"ingressSettings":"ALLOW_ALL","serviceAccountEmail":"612108613836-compute@developer.gserviceaccount.com","availableMemory":"256Mi","secretEnvironmentVariables":[{"key":"GITHUB_CLIENT_SECRET","projectId":"olis-5e45c","secret":"GITHUB_CLIENT_SECRET","version":"2"}],"maxInstanceRequestConcurrency":80,"availableCpu":"1"},"labels":{"deployment-tool":"cli-firebase","deployment-callable":"true","firebase-functions-hash":"6c480355d5d96eeb4d2293fe1113df6954a66853"},"environment":"GEN_2"},"stages":[{"name":"BUILD","state":"NOT_STARTED"},{"name":"SERVICE","state":"NOT_STARTED"}],"operationType":"CREATE_FUNCTION"},"done":false}
[debug] [2025-12-28T09:21:52.268Z] [create-default-asia-northeast1-getGithubToken] Retrying task index 0
[debug] [2025-12-28T09:21:52.268Z] Checked if tokens are valid: true, expires at: 1766915878626
[debug] [2025-12-28T09:21:52.269Z] Checked if tokens are valid: true, expires at: 1766915878626
[debug] [2025-12-28T09:21:52.269Z] >>> [apiv2][query] GET https://cloudfunctions.googleapis.com/v2/projects/olis-5e45c/locations/asia-northeast1/operations/operation-1766913705395-646ffa7c24559-d540811b-2ca5f25b [none]
[debug] [2025-12-28T09:21:52.575Z] <<< [apiv2][status] GET https://cloudfunctions.googleapis.com/v2/projects/olis-5e45c/locations/asia-northeast1/operations/operation-1766913705395-646ffa7c24559-d540811b-2ca5f25b 200
[debug] [2025-12-28T09:21:52.575Z] <<< [apiv2][body] GET https://cloudfunctions.googleapis.com/v2/projects/olis-5e45c/locations/asia-northeast1/operations/operation-1766913705395-646ffa7c24559-d540811b-2ca5f25b {"name":"projects/olis-5e45c/locations/asia-northeast1/operations/operation-1766913705395-646ffa7c24559-d540811b-2ca5f25b","metadata":{"@type":"type.googleapis.com/google.cloud.functions.v2.OperationMetadata","createTime":"2025-12-28T09:21:47.915878868Z","target":"projects/olis-5e45c/locations/asia-northeast1/functions/getGithubToken","verb":"create","cancelRequested":false,"apiVersion":"v2","requestResource":{"@type":"type.googleapis.com/google.cloud.functions.v2.Function","name":"projects/olis-5e45c/locations/asia-northeast1/functions/getGithubToken","buildConfig":{"runtime":"nodejs24","entryPoint":"getGithubToken","source":{"storageSource":{"bucket":"gcf-v2-sources-612108613836-asia-northeast1","object":"getGithubToken/function-source.zip","generation":"1766913706681344"}},"environmentVariables":{"GOOGLE_NODE_RUN_SCRIPTS":""},"serviceAccount":"projects/olis-5e45c/serviceAccounts/612108613836-compute@developer.gserviceaccount.com","automaticUpdatePolicy":{}},"serviceConfig":{"service":"projects/olis-5e45c/locations/asia-northeast1/services/getgithubtoken","timeoutSeconds":60,"environmentVariables":{"FIREBASE_CONFIG":"{\"projectId\":\"olis-5e45c\",\"storageBucket\":\"olis-5e45c.firebasestorage.app\"}","GCLOUD_PROJECT":"olis-5e45c","EVENTARC_CLOUD_EVENT_SOURCE":"projects/olis-5e45c/locations/asia-northeast1/services/getGithubToken","FUNCTION_TARGET":"getGithubToken","LOG_EXECUTION_ID":"true"},"maxInstanceCount":10,"ingressSettings":"ALLOW_ALL","serviceAccountEmail":"612108613836-compute@developer.gserviceaccount.com","availableMemory":"256Mi","secretEnvironmentVariables":[{"key":"GITHUB_CLIENT_SECRET","projectId":"olis-5e45c","secret":"GITHUB_CLIENT_SECRET","version":"2"}],"maxInstanceRequestConcurrency":80,"availableCpu":"1"},"labels":{"deployment-tool":"cli-firebase","deployment-callable":"true","firebase-functions-hash":"6c480355d5d96eeb4d2293fe1113df6954a66853"},"environment":"GEN_2"},"stages":[{"name":"BUILD","state":"NOT_STARTED"},{"name":"SERVICE","state":"NOT_STARTED"}],"operationType":"CREATE_FUNCTION"},"done":false}
[debug] [2025-12-28T09:21:56.576Z] [create-default-asia-northeast1-getGithubToken] Retrying task index 0
[debug] [2025-12-28T09:21:56.576Z] Checked if tokens are valid: true, expires at: 1766915878626
[debug] [2025-12-28T09:21:56.576Z] Checked if tokens are valid: true, expires at: 1766915878626
[debug] [2025-12-28T09:21:56.576Z] >>> [apiv2][query] GET https://cloudfunctions.googleapis.com/v2/projects/olis-5e45c/locations/asia-northeast1/operations/operation-1766913705395-646ffa7c24559-d540811b-2ca5f25b [none]
[debug] [2025-12-28T09:21:56.875Z] <<< [apiv2][status] GET https://cloudfunctions.googleapis.com/v2/projects/olis-5e45c/locations/asia-northeast1/operations/operation-1766913705395-646ffa7c24559-d540811b-2ca5f25b 200
[debug] [2025-12-28T09:21:56.875Z] <<< [apiv2][body] GET https://cloudfunctions.googleapis.com/v2/projects/olis-5e45c/locations/asia-northeast1/operations/operation-1766913705395-646ffa7c24559-d540811b-2ca5f25b {"name":"projects/olis-5e45c/locations/asia-northeast1/operations/operation-1766913705395-646ffa7c24559-d540811b-2ca5f25b","metadata":{"@type":"type.googleapis.com/google.cloud.functions.v2.OperationMetadata","createTime":"2025-12-28T09:21:47.915878868Z","target":"projects/olis-5e45c/locations/asia-northeast1/functions/getGithubToken","verb":"create","cancelRequested":false,"apiVersion":"v2","requestResource":{"@type":"type.googleapis.com/google.cloud.functions.v2.Function","name":"projects/olis-5e45c/locations/asia-northeast1/functions/getGithubToken","buildConfig":{"runtime":"nodejs24","entryPoint":"getGithubToken","source":{"storageSource":{"bucket":"gcf-v2-sources-612108613836-asia-northeast1","object":"getGithubToken/function-source.zip","generation":"1766913706681344"}},"environmentVariables":{"GOOGLE_NODE_RUN_SCRIPTS":""},"serviceAccount":"projects/olis-5e45c/serviceAccounts/612108613836-compute@developer.gserviceaccount.com","automaticUpdatePolicy":{}},"serviceConfig":{"service":"projects/olis-5e45c/locations/asia-northeast1/services/getgithubtoken","timeoutSeconds":60,"environmentVariables":{"FIREBASE_CONFIG":"{\"projectId\":\"olis-5e45c\",\"storageBucket\":\"olis-5e45c.firebasestorage.app\"}","GCLOUD_PROJECT":"olis-5e45c","EVENTARC_CLOUD_EVENT_SOURCE":"projects/olis-5e45c/locations/asia-northeast1/services/getGithubToken","FUNCTION_TARGET":"getGithubToken","LOG_EXECUTION_ID":"true"},"maxInstanceCount":10,"ingressSettings":"ALLOW_ALL","serviceAccountEmail":"612108613836-compute@developer.gserviceaccount.com","availableMemory":"256Mi","secretEnvironmentVariables":[{"key":"GITHUB_CLIENT_SECRET","projectId":"olis-5e45c","secret":"GITHUB_CLIENT_SECRET","version":"2"}],"maxInstanceRequestConcurrency":80,"availableCpu":"1"},"labels":{"deployment-tool":"cli-firebase","deployment-callable":"true","firebase-functions-hash":"6c480355d5d96eeb4d2293fe1113df6954a66853"},"environment":"GEN_2"},"stages":[{"name":"BUILD","state":"NOT_STARTED"},{"name":"SERVICE","state":"NOT_STARTED"}],"operationType":"CREATE_FUNCTION"},"done":false}
[debug] [2025-12-28T09:22:04.877Z] [create-default-asia-northeast1-getGithubToken] Retrying task index 0
[debug] [2025-12-28T09:22:04.877Z] Checked if tokens are valid: true, expires at: 1766915878626
[debug] [2025-12-28T09:22:04.877Z] Checked if tokens are valid: true, expires at: 1766915878626
[debug] [2025-12-28T09:22:04.877Z] >>> [apiv2][query] GET https://cloudfunctions.googleapis.com/v2/projects/olis-5e45c/locations/asia-northeast1/operations/operation-1766913705395-646ffa7c24559-d540811b-2ca5f25b [none]
[debug] [2025-12-28T09:22:05.194Z] <<< [apiv2][status] GET https://cloudfunctions.googleapis.com/v2/projects/olis-5e45c/locations/asia-northeast1/operations/operation-1766913705395-646ffa7c24559-d540811b-2ca5f25b 200
[debug] [2025-12-28T09:22:05.194Z] <<< [apiv2][body] GET https://cloudfunctions.googleapis.com/v2/projects/olis-5e45c/locations/asia-northeast1/operations/operation-1766913705395-646ffa7c24559-d540811b-2ca5f25b {"name":"projects/olis-5e45c/locations/asia-northeast1/operations/operation-1766913705395-646ffa7c24559-d540811b-2ca5f25b","metadata":{"@type":"type.googleapis.com/google.cloud.functions.v2.OperationMetadata","createTime":"2025-12-28T09:21:47.915878868Z","target":"projects/olis-5e45c/locations/asia-northeast1/functions/getGithubToken","verb":"create","cancelRequested":false,"apiVersion":"v2","requestResource":{"@type":"type.googleapis.com/google.cloud.functions.v2.Function","name":"projects/olis-5e45c/locations/asia-northeast1/functions/getGithubToken","buildConfig":{"runtime":"nodejs24","entryPoint":"getGithubToken","source":{"storageSource":{"bucket":"gcf-v2-sources-612108613836-asia-northeast1","object":"getGithubToken/function-source.zip","generation":"1766913706681344"}},"environmentVariables":{"GOOGLE_NODE_RUN_SCRIPTS":""},"serviceAccount":"projects/olis-5e45c/serviceAccounts/612108613836-compute@developer.gserviceaccount.com","automaticUpdatePolicy":{}},"serviceConfig":{"service":"projects/olis-5e45c/locations/asia-northeast1/services/getgithubtoken","timeoutSeconds":60,"environmentVariables":{"FIREBASE_CONFIG":"{\"projectId\":\"olis-5e45c\",\"storageBucket\":\"olis-5e45c.firebasestorage.app\"}","GCLOUD_PROJECT":"olis-5e45c","EVENTARC_CLOUD_EVENT_SOURCE":"projects/olis-5e45c/locations/asia-northeast1/services/getGithubToken","FUNCTION_TARGET":"getGithubToken","LOG_EXECUTION_ID":"true"},"maxInstanceCount":10,"ingressSettings":"ALLOW_ALL","serviceAccountEmail":"612108613836-compute@developer.gserviceaccount.com","availableMemory":"256Mi","secretEnvironmentVariables":[{"key":"GITHUB_CLIENT_SECRET","projectId":"olis-5e45c","secret":"GITHUB_CLIENT_SECRET","version":"2"}],"maxInstanceRequestConcurrency":80,"availableCpu":"1"},"labels":{"deployment-tool":"cli-firebase","deployment-callable":"true","firebase-functions-hash":"6c480355d5d96eeb4d2293fe1113df6954a66853"},"environment":"GEN_2"},"stages":[{"name":"BUILD","message":"Build in progress","state":"IN_PROGRESS","resource":"projects/612108613836/locations/asia-northeast1/builds/1e888c98-7c79-40ea-aa53-9038b70dd4d1","resourceUri":"https://console.cloud.google.com/cloud-build/builds;region=asia-northeast1/1e888c98-7c79-40ea-aa53-9038b70dd4d1?project=612108613836"},{"name":"SERVICE","state":"NOT_STARTED"}],"operationType":"CREATE_FUNCTION","buildName":"projects/612108613836/locations/asia-northeast1/builds/1e888c98-7c79-40ea-aa53-9038b70dd4d1"},"done":false}
[debug] [2025-12-28T09:22:15.196Z] [create-default-asia-northeast1-getGithubToken] Retrying task index 0
[debug] [2025-12-28T09:22:15.196Z] Checked if tokens are valid: true, expires at: 1766915878626
[debug] [2025-12-28T09:22:15.196Z] Checked if tokens are valid: true, expires at: 1766915878626
[debug] [2025-12-28T09:22:15.197Z] >>> [apiv2][query] GET https://cloudfunctions.googleapis.com/v2/projects/olis-5e45c/locations/asia-northeast1/operations/operation-1766913705395-646ffa7c24559-d540811b-2ca5f25b [none]
[debug] [2025-12-28T09:22:15.529Z] <<< [apiv2][status] GET https://cloudfunctions.googleapis.com/v2/projects/olis-5e45c/locations/asia-northeast1/operations/operation-1766913705395-646ffa7c24559-d540811b-2ca5f25b 200
[debug] [2025-12-28T09:22:15.529Z] <<< [apiv2][body] GET https://cloudfunctions.googleapis.com/v2/projects/olis-5e45c/locations/asia-northeast1/operations/operation-1766913705395-646ffa7c24559-d540811b-2ca5f25b {"name":"projects/olis-5e45c/locations/asia-northeast1/operations/operation-1766913705395-646ffa7c24559-d540811b-2ca5f25b","metadata":{"@type":"type.googleapis.com/google.cloud.functions.v2.OperationMetadata","createTime":"2025-12-28T09:21:47.915878868Z","target":"projects/olis-5e45c/locations/asia-northeast1/functions/getGithubToken","verb":"create","cancelRequested":false,"apiVersion":"v2","requestResource":{"@type":"type.googleapis.com/google.cloud.functions.v2.Function","name":"projects/olis-5e45c/locations/asia-northeast1/functions/getGithubToken","buildConfig":{"runtime":"nodejs24","entryPoint":"getGithubToken","source":{"storageSource":{"bucket":"gcf-v2-sources-612108613836-asia-northeast1","object":"getGithubToken/function-source.zip","generation":"1766913706681344"}},"environmentVariables":{"GOOGLE_NODE_RUN_SCRIPTS":""},"serviceAccount":"projects/olis-5e45c/serviceAccounts/612108613836-compute@developer.gserviceaccount.com","automaticUpdatePolicy":{}},"serviceConfig":{"service":"projects/olis-5e45c/locations/asia-northeast1/services/getgithubtoken","timeoutSeconds":60,"environmentVariables":{"FIREBASE_CONFIG":"{\"projectId\":\"olis-5e45c\",\"storageBucket\":\"olis-5e45c.firebasestorage.app\"}","GCLOUD_PROJECT":"olis-5e45c","EVENTARC_CLOUD_EVENT_SOURCE":"projects/olis-5e45c/locations/asia-northeast1/services/getGithubToken","FUNCTION_TARGET":"getGithubToken","LOG_EXECUTION_ID":"true"},"maxInstanceCount":10,"ingressSettings":"ALLOW_ALL","serviceAccountEmail":"612108613836-compute@developer.gserviceaccount.com","availableMemory":"256Mi","secretEnvironmentVariables":[{"key":"GITHUB_CLIENT_SECRET","projectId":"olis-5e45c","secret":"GITHUB_CLIENT_SECRET","version":"2"}],"maxInstanceRequestConcurrency":80,"availableCpu":"1"},"labels":{"deployment-tool":"cli-firebase","deployment-callable":"true","firebase-functions-hash":"6c480355d5d96eeb4d2293fe1113df6954a66853"},"environment":"GEN_2"},"stages":[{"name":"BUILD","message":"Build in progress","state":"IN_PROGRESS","resource":"projects/612108613836/locations/asia-northeast1/builds/1e888c98-7c79-40ea-aa53-9038b70dd4d1","resourceUri":"https://console.cloud.google.com/cloud-build/builds;region=asia-northeast1/1e888c98-7c79-40ea-aa53-9038b70dd4d1?project=612108613836"},{"name":"SERVICE","state":"NOT_STARTED"}],"operationType":"CREATE_FUNCTION","buildName":"projects/612108613836/locations/asia-northeast1/builds/1e888c98-7c79-40ea-aa53-9038b70dd4d1"},"done":false}
[debug] [2025-12-28T09:22:25.530Z] [create-default-asia-northeast1-getGithubToken] Retrying task index 0
[debug] [2025-12-28T09:22:25.530Z] Checked if tokens are valid: true, expires at: 1766915878626
[debug] [2025-12-28T09:22:25.530Z] Checked if tokens are valid: true, expires at: 1766915878626
[debug] [2025-12-28T09:22:25.531Z] >>> [apiv2][query] GET https://cloudfunctions.googleapis.com/v2/projects/olis-5e45c/locations/asia-northeast1/operations/operation-1766913705395-646ffa7c24559-d540811b-2ca5f25b [none]
[debug] [2025-12-28T09:22:25.843Z] <<< [apiv2][status] GET https://cloudfunctions.googleapis.com/v2/projects/olis-5e45c/locations/asia-northeast1/operations/operation-1766913705395-646ffa7c24559-d540811b-2ca5f25b 200
[debug] [2025-12-28T09:22:25.843Z] <<< [apiv2][body] GET https://cloudfunctions.googleapis.com/v2/projects/olis-5e45c/locations/asia-northeast1/operations/operation-1766913705395-646ffa7c24559-d540811b-2ca5f25b {"name":"projects/olis-5e45c/locations/asia-northeast1/operations/operation-1766913705395-646ffa7c24559-d540811b-2ca5f25b","metadata":{"@type":"type.googleapis.com/google.cloud.functions.v2.OperationMetadata","createTime":"2025-12-28T09:21:47.915878868Z","target":"projects/olis-5e45c/locations/asia-northeast1/functions/getGithubToken","verb":"create","cancelRequested":false,"apiVersion":"v2","requestResource":{"@type":"type.googleapis.com/google.cloud.functions.v2.Function","name":"projects/olis-5e45c/locations/asia-northeast1/functions/getGithubToken","buildConfig":{"runtime":"nodejs24","entryPoint":"getGithubToken","source":{"storageSource":{"bucket":"gcf-v2-sources-612108613836-asia-northeast1","object":"getGithubToken/function-source.zip","generation":"1766913706681344"}},"environmentVariables":{"GOOGLE_NODE_RUN_SCRIPTS":""},"serviceAccount":"projects/olis-5e45c/serviceAccounts/612108613836-compute@developer.gserviceaccount.com","automaticUpdatePolicy":{}},"serviceConfig":{"service":"projects/olis-5e45c/locations/asia-northeast1/services/getgithubtoken","timeoutSeconds":60,"environmentVariables":{"FIREBASE_CONFIG":"{\"projectId\":\"olis-5e45c\",\"storageBucket\":\"olis-5e45c.firebasestorage.app\"}","GCLOUD_PROJECT":"olis-5e45c","EVENTARC_CLOUD_EVENT_SOURCE":"projects/olis-5e45c/locations/asia-northeast1/services/getGithubToken","FUNCTION_TARGET":"getGithubToken","LOG_EXECUTION_ID":"true"},"maxInstanceCount":10,"ingressSettings":"ALLOW_ALL","serviceAccountEmail":"612108613836-compute@developer.gserviceaccount.com","availableMemory":"256Mi","secretEnvironmentVariables":[{"key":"GITHUB_CLIENT_SECRET","projectId":"olis-5e45c","secret":"GITHUB_CLIENT_SECRET","version":"2"}],"maxInstanceRequestConcurrency":80,"availableCpu":"1"},"labels":{"deployment-tool":"cli-firebase","deployment-callable":"true","firebase-functions-hash":"6c480355d5d96eeb4d2293fe1113df6954a66853"},"environment":"GEN_2"},"stages":[{"name":"BUILD","message":"Build in progress","state":"IN_PROGRESS","resource":"projects/612108613836/locations/asia-northeast1/builds/1e888c98-7c79-40ea-aa53-9038b70dd4d1","resourceUri":"https://console.cloud.google.com/cloud-build/builds;region=asia-northeast1/1e888c98-7c79-40ea-aa53-9038b70dd4d1?project=612108613836"},{"name":"SERVICE","state":"NOT_STARTED"}],"operationType":"CREATE_FUNCTION","buildName":"projects/612108613836/locations/asia-northeast1/builds/1e888c98-7c79-40ea-aa53-9038b70dd4d1"},"done":false}
[debug] [2025-12-28T09:22:35.845Z] [create-default-asia-northeast1-getGithubToken] Retrying task index 0
[debug] [2025-12-28T09:22:35.845Z] Checked if tokens are valid: true, expires at: 1766915878626
[debug] [2025-12-28T09:22:35.845Z] Checked if tokens are valid: true, expires at: 1766915878626
[debug] [2025-12-28T09:22:35.845Z] >>> [apiv2][query] GET https://cloudfunctions.googleapis.com/v2/projects/olis-5e45c/locations/asia-northeast1/operations/operation-1766913705395-646ffa7c24559-d540811b-2ca5f25b [none]
[debug] [2025-12-28T09:22:36.197Z] <<< [apiv2][status] GET https://cloudfunctions.googleapis.com/v2/projects/olis-5e45c/locations/asia-northeast1/operations/operation-1766913705395-646ffa7c24559-d540811b-2ca5f25b 200
[debug] [2025-12-28T09:22:36.197Z] <<< [apiv2][body] GET https://cloudfunctions.googleapis.com/v2/projects/olis-5e45c/locations/asia-northeast1/operations/operation-1766913705395-646ffa7c24559-d540811b-2ca5f25b {"name":"projects/olis-5e45c/locations/asia-northeast1/operations/operation-1766913705395-646ffa7c24559-d540811b-2ca5f25b","metadata":{"@type":"type.googleapis.com/google.cloud.functions.v2.OperationMetadata","createTime":"2025-12-28T09:21:47.915878868Z","target":"projects/olis-5e45c/locations/asia-northeast1/functions/getGithubToken","verb":"create","cancelRequested":false,"apiVersion":"v2","requestResource":{"@type":"type.googleapis.com/google.cloud.functions.v2.Function","name":"projects/olis-5e45c/locations/asia-northeast1/functions/getGithubToken","buildConfig":{"runtime":"nodejs24","entryPoint":"getGithubToken","source":{"storageSource":{"bucket":"gcf-v2-sources-612108613836-asia-northeast1","object":"getGithubToken/function-source.zip","generation":"1766913706681344"}},"environmentVariables":{"GOOGLE_NODE_RUN_SCRIPTS":""},"serviceAccount":"projects/olis-5e45c/serviceAccounts/612108613836-compute@developer.gserviceaccount.com","automaticUpdatePolicy":{}},"serviceConfig":{"service":"projects/olis-5e45c/locations/asia-northeast1/services/getgithubtoken","timeoutSeconds":60,"environmentVariables":{"FIREBASE_CONFIG":"{\"projectId\":\"olis-5e45c\",\"storageBucket\":\"olis-5e45c.firebasestorage.app\"}","GCLOUD_PROJECT":"olis-5e45c","EVENTARC_CLOUD_EVENT_SOURCE":"projects/olis-5e45c/locations/asia-northeast1/services/getGithubToken","FUNCTION_TARGET":"getGithubToken","LOG_EXECUTION_ID":"true"},"maxInstanceCount":10,"ingressSettings":"ALLOW_ALL","serviceAccountEmail":"612108613836-compute@developer.gserviceaccount.com","availableMemory":"256Mi","secretEnvironmentVariables":[{"key":"GITHUB_CLIENT_SECRET","projectId":"olis-5e45c","secret":"GITHUB_CLIENT_SECRET","version":"2"}],"maxInstanceRequestConcurrency":80,"availableCpu":"1"},"labels":{"deployment-tool":"cli-firebase","deployment-callable":"true","firebase-functions-hash":"6c480355d5d96eeb4d2293fe1113df6954a66853"},"environment":"GEN_2"},"stages":[{"name":"BUILD","message":"Build in progress","state":"IN_PROGRESS","resource":"projects/612108613836/locations/asia-northeast1/builds/1e888c98-7c79-40ea-aa53-9038b70dd4d1","resourceUri":"https://console.cloud.google.com/cloud-build/builds;region=asia-northeast1/1e888c98-7c79-40ea-aa53-9038b70dd4d1?project=612108613836"},{"name":"SERVICE","state":"NOT_STARTED"}],"operationType":"CREATE_FUNCTION","buildName":"projects/612108613836/locations/asia-northeast1/builds/1e888c98-7c79-40ea-aa53-9038b70dd4d1"},"done":false}
[debug] [2025-12-28T09:22:46.199Z] [create-default-asia-northeast1-getGithubToken] Retrying task index 0
[debug] [2025-12-28T09:22:46.200Z] Checked if tokens are valid: true, expires at: 1766915878626
[debug] [2025-12-28T09:22:46.200Z] Checked if tokens are valid: true, expires at: 1766915878626
[debug] [2025-12-28T09:22:46.200Z] >>> [apiv2][query] GET https://cloudfunctions.googleapis.com/v2/projects/olis-5e45c/locations/asia-northeast1/operations/operation-1766913705395-646ffa7c24559-d540811b-2ca5f25b [none]
[debug] [2025-12-28T09:22:46.504Z] <<< [apiv2][status] GET https://cloudfunctions.googleapis.com/v2/projects/olis-5e45c/locations/asia-northeast1/operations/operation-1766913705395-646ffa7c24559-d540811b-2ca5f25b 200
[debug] [2025-12-28T09:22:46.504Z] <<< [apiv2][body] GET https://cloudfunctions.googleapis.com/v2/projects/olis-5e45c/locations/asia-northeast1/operations/operation-1766913705395-646ffa7c24559-d540811b-2ca5f25b {"name":"projects/olis-5e45c/locations/asia-northeast1/operations/operation-1766913705395-646ffa7c24559-d540811b-2ca5f25b","metadata":{"@type":"type.googleapis.com/google.cloud.functions.v2.OperationMetadata","createTime":"2025-12-28T09:21:47.915878868Z","target":"projects/olis-5e45c/locations/asia-northeast1/functions/getGithubToken","verb":"create","cancelRequested":false,"apiVersion":"v2","requestResource":{"@type":"type.googleapis.com/google.cloud.functions.v2.Function","name":"projects/olis-5e45c/locations/asia-northeast1/functions/getGithubToken","buildConfig":{"runtime":"nodejs24","entryPoint":"getGithubToken","source":{"storageSource":{"bucket":"gcf-v2-sources-612108613836-asia-northeast1","object":"getGithubToken/function-source.zip","generation":"1766913706681344"}},"environmentVariables":{"GOOGLE_NODE_RUN_SCRIPTS":""},"serviceAccount":"projects/olis-5e45c/serviceAccounts/612108613836-compute@developer.gserviceaccount.com","automaticUpdatePolicy":{}},"serviceConfig":{"service":"projects/olis-5e45c/locations/asia-northeast1/services/getgithubtoken","timeoutSeconds":60,"environmentVariables":{"FIREBASE_CONFIG":"{\"projectId\":\"olis-5e45c\",\"storageBucket\":\"olis-5e45c.firebasestorage.app\"}","GCLOUD_PROJECT":"olis-5e45c","EVENTARC_CLOUD_EVENT_SOURCE":"projects/olis-5e45c/locations/asia-northeast1/services/getGithubToken","FUNCTION_TARGET":"getGithubToken","LOG_EXECUTION_ID":"true"},"maxInstanceCount":10,"ingressSettings":"ALLOW_ALL","serviceAccountEmail":"612108613836-compute@developer.gserviceaccount.com","availableMemory":"256Mi","secretEnvironmentVariables":[{"key":"GITHUB_CLIENT_SECRET","projectId":"olis-5e45c","secret":"GITHUB_CLIENT_SECRET","version":"2"}],"maxInstanceRequestConcurrency":80,"availableCpu":"1"},"labels":{"deployment-tool":"cli-firebase","deployment-callable":"true","firebase-functions-hash":"6c480355d5d96eeb4d2293fe1113df6954a66853"},"environment":"GEN_2"},"stages":[{"name":"BUILD","message":"Build in progress","state":"IN_PROGRESS","resource":"projects/612108613836/locations/asia-northeast1/builds/1e888c98-7c79-40ea-aa53-9038b70dd4d1","resourceUri":"https://console.cloud.google.com/cloud-build/builds;region=asia-northeast1/1e888c98-7c79-40ea-aa53-9038b70dd4d1?project=612108613836"},{"name":"SERVICE","state":"NOT_STARTED"}],"operationType":"CREATE_FUNCTION","buildName":"projects/612108613836/locations/asia-northeast1/builds/1e888c98-7c79-40ea-aa53-9038b70dd4d1"},"done":false}
[debug] [2025-12-28T09:22:56.505Z] [create-default-asia-northeast1-getGithubToken] Retrying task index 0
[debug] [2025-12-28T09:22:56.505Z] Checked if tokens are valid: true, expires at: 1766915878626
[debug] [2025-12-28T09:22:56.505Z] Checked if tokens are valid: true, expires at: 1766915878626
[debug] [2025-12-28T09:22:56.505Z] >>> [apiv2][query] GET https://cloudfunctions.googleapis.com/v2/projects/olis-5e45c/locations/asia-northeast1/operations/operation-1766913705395-646ffa7c24559-d540811b-2ca5f25b [none]
[debug] [2025-12-28T09:22:56.889Z] <<< [apiv2][status] GET https://cloudfunctions.googleapis.com/v2/projects/olis-5e45c/locations/asia-northeast1/operations/operation-1766913705395-646ffa7c24559-d540811b-2ca5f25b 200
[debug] [2025-12-28T09:22:56.889Z] <<< [apiv2][body] GET https://cloudfunctions.googleapis.com/v2/projects/olis-5e45c/locations/asia-northeast1/operations/operation-1766913705395-646ffa7c24559-d540811b-2ca5f25b {"name":"projects/olis-5e45c/locations/asia-northeast1/operations/operation-1766913705395-646ffa7c24559-d540811b-2ca5f25b","metadata":{"@type":"type.googleapis.com/google.cloud.functions.v2.OperationMetadata","createTime":"2025-12-28T09:21:47.915878868Z","target":"projects/olis-5e45c/locations/asia-northeast1/functions/getGithubToken","verb":"create","cancelRequested":false,"apiVersion":"v2","requestResource":{"@type":"type.googleapis.com/google.cloud.functions.v2.Function","name":"projects/olis-5e45c/locations/asia-northeast1/functions/getGithubToken","buildConfig":{"runtime":"nodejs24","entryPoint":"getGithubToken","source":{"storageSource":{"bucket":"gcf-v2-sources-612108613836-asia-northeast1","object":"getGithubToken/function-source.zip","generation":"1766913706681344"}},"environmentVariables":{"GOOGLE_NODE_RUN_SCRIPTS":""},"serviceAccount":"projects/olis-5e45c/serviceAccounts/612108613836-compute@developer.gserviceaccount.com","automaticUpdatePolicy":{}},"serviceConfig":{"service":"projects/olis-5e45c/locations/asia-northeast1/services/getgithubtoken","timeoutSeconds":60,"environmentVariables":{"FIREBASE_CONFIG":"{\"projectId\":\"olis-5e45c\",\"storageBucket\":\"olis-5e45c.firebasestorage.app\"}","GCLOUD_PROJECT":"olis-5e45c","EVENTARC_CLOUD_EVENT_SOURCE":"projects/olis-5e45c/locations/asia-northeast1/services/getGithubToken","FUNCTION_TARGET":"getGithubToken","LOG_EXECUTION_ID":"true"},"maxInstanceCount":10,"ingressSettings":"ALLOW_ALL","serviceAccountEmail":"612108613836-compute@developer.gserviceaccount.com","availableMemory":"256Mi","secretEnvironmentVariables":[{"key":"GITHUB_CLIENT_SECRET","projectId":"olis-5e45c","secret":"GITHUB_CLIENT_SECRET","version":"2"}],"maxInstanceRequestConcurrency":80,"availableCpu":"1"},"labels":{"deployment-tool":"cli-firebase","deployment-callable":"true","firebase-functions-hash":"6c480355d5d96eeb4d2293fe1113df6954a66853"},"environment":"GEN_2"},"stages":[{"name":"BUILD","message":"Build in progress","state":"IN_PROGRESS","resource":"projects/612108613836/locations/asia-northeast1/builds/1e888c98-7c79-40ea-aa53-9038b70dd4d1","resourceUri":"https://console.cloud.google.com/cloud-build/builds;region=asia-northeast1/1e888c98-7c79-40ea-aa53-9038b70dd4d1?project=612108613836"},{"name":"SERVICE","state":"NOT_STARTED"}],"operationType":"CREATE_FUNCTION","buildName":"projects/612108613836/locations/asia-northeast1/builds/1e888c98-7c79-40ea-aa53-9038b70dd4d1"},"done":false}
[debug] [2025-12-28T09:23:06.891Z] [create-default-asia-northeast1-getGithubToken] Retrying task index 0
[debug] [2025-12-28T09:23:06.891Z] Checked if tokens are valid: true, expires at: 1766915878626
[debug] [2025-12-28T09:23:06.891Z] Checked if tokens are valid: true, expires at: 1766915878626
[debug] [2025-12-28T09:23:06.892Z] >>> [apiv2][query] GET https://cloudfunctions.googleapis.com/v2/projects/olis-5e45c/locations/asia-northeast1/operations/operation-1766913705395-646ffa7c24559-d540811b-2ca5f25b [none]
[debug] [2025-12-28T09:23:07.327Z] <<< [apiv2][status] GET https://cloudfunctions.googleapis.com/v2/projects/olis-5e45c/locations/asia-northeast1/operations/operation-1766913705395-646ffa7c24559-d540811b-2ca5f25b 200
[debug] [2025-12-28T09:23:07.328Z] <<< [apiv2][body] GET https://cloudfunctions.googleapis.com/v2/projects/olis-5e45c/locations/asia-northeast1/operations/operation-1766913705395-646ffa7c24559-d540811b-2ca5f25b {"name":"projects/olis-5e45c/locations/asia-northeast1/operations/operation-1766913705395-646ffa7c24559-d540811b-2ca5f25b","metadata":{"@type":"type.googleapis.com/google.cloud.functions.v2.OperationMetadata","createTime":"2025-12-28T09:21:47.915878868Z","target":"projects/olis-5e45c/locations/asia-northeast1/functions/getGithubToken","verb":"create","cancelRequested":false,"apiVersion":"v2","requestResource":{"@type":"type.googleapis.com/google.cloud.functions.v2.Function","name":"projects/olis-5e45c/locations/asia-northeast1/functions/getGithubToken","buildConfig":{"runtime":"nodejs24","entryPoint":"getGithubToken","source":{"storageSource":{"bucket":"gcf-v2-sources-612108613836-asia-northeast1","object":"getGithubToken/function-source.zip","generation":"1766913706681344"}},"environmentVariables":{"GOOGLE_NODE_RUN_SCRIPTS":""},"serviceAccount":"projects/olis-5e45c/serviceAccounts/612108613836-compute@developer.gserviceaccount.com","automaticUpdatePolicy":{}},"serviceConfig":{"service":"projects/olis-5e45c/locations/asia-northeast1/services/getgithubtoken","timeoutSeconds":60,"environmentVariables":{"FIREBASE_CONFIG":"{\"projectId\":\"olis-5e45c\",\"storageBucket\":\"olis-5e45c.firebasestorage.app\"}","GCLOUD_PROJECT":"olis-5e45c","EVENTARC_CLOUD_EVENT_SOURCE":"projects/olis-5e45c/locations/asia-northeast1/services/getGithubToken","FUNCTION_TARGET":"getGithubToken","LOG_EXECUTION_ID":"true"},"maxInstanceCount":10,"ingressSettings":"ALLOW_ALL","serviceAccountEmail":"612108613836-compute@developer.gserviceaccount.com","availableMemory":"256Mi","secretEnvironmentVariables":[{"key":"GITHUB_CLIENT_SECRET","projectId":"olis-5e45c","secret":"GITHUB_CLIENT_SECRET","version":"2"}],"maxInstanceRequestConcurrency":80,"availableCpu":"1"},"labels":{"deployment-tool":"cli-firebase","deployment-callable":"true","firebase-functions-hash":"6c480355d5d96eeb4d2293fe1113df6954a66853"},"environment":"GEN_2"},"stages":[{"name":"BUILD","message":"Build finished","state":"COMPLETE","resource":"projects/612108613836/locations/asia-northeast1/builds/1e888c98-7c79-40ea-aa53-9038b70dd4d1","resourceUri":"https://console.cloud.google.com/cloud-build/builds;region=asia-northeast1/1e888c98-7c79-40ea-aa53-9038b70dd4d1?project=612108613836"},{"name":"SERVICE","message":"Creating Cloud Run service","state":"IN_PROGRESS","resource":"projects/olis-5e45c/locations/asia-northeast1/services/getgithubtoken","resourceUri":"https://console.cloud.google.com/run/detail/asia-northeast1/getgithubtoken?project=olis-5e45c"}],"sourceToken":"Cltwcm9qZWN0cy82MTIxMDg2MTM4MzYvbG9jYXRpb25zL2FzaWEtbm9ydGhlYXN0MS9idWlsZHMvMWU4ODhjOTgtN2M3OS00MGVhLWFhNTMtOTAzOGI3MGRkNGQxEnFhc2lhLW5vcnRoZWFzdDEtZG9ja2VyLnBrZy5kZXYvb2xpcy01ZTQ1Yy9nY2YtYXJ0aWZhY3RzL29saXMtLTVlNDVjX19hc2lhLS1ub3J0aGVhc3QxX19nZXRfZ2l0aHViX3Rva2VuOnZlcnNpb25fMRjM8ZCk6BEiRnByb2plY3RzL29saXMtNWU0NWMvbG9jYXRpb25zL2FzaWEtbm9ydGhlYXN0MS9mdW5jdGlvbnMvZ2V0R2l0aHViVG9rZW4qDAj07cPKBhDY8sStAzIIbm9kZWpzMjQ6egojZ2NyLmlvL2dhZS1ydW50aW1lcy9ub2RlanMyNDpzdGFibGUSU2FzaWEtbm9ydGhlYXN0MS1kb2NrZXIucGtnLmRldi9zZXJ2ZXJsZXNzLXJ1bnRpbWVzL2dvb2dsZS0yNC1mdWxsL3J1bnRpbWVzL25vZGVqczI0QAE=","operationType":"CREATE_FUNCTION","buildName":"projects/612108613836/locations/asia-northeast1/builds/1e888c98-7c79-40ea-aa53-9038b70dd4d1"},"done":false}
[debug] [2025-12-28T09:23:07.328Z] Got source token Cltwcm9qZWN0cy82MTIxMDg2MTM4MzYvbG9jYXRpb25zL2FzaWEtbm9ydGhlYXN0MS9idWlsZHMvMWU4ODhjOTgtN2M3OS00MGVhLWFhNTMtOTAzOGI3MGRkNGQxEnFhc2lhLW5vcnRoZWFzdDEtZG9ja2VyLnBrZy5kZXYvb2xpcy01ZTQ1Yy9nY2YtYXJ0aWZhY3RzL29saXMtLTVlNDVjX19hc2lhLS1ub3J0aGVhc3QxX19nZXRfZ2l0aHViX3Rva2VuOnZlcnNpb25fMRjM8ZCk6BEiRnByb2plY3RzL29saXMtNWU0NWMvbG9jYXRpb25zL2FzaWEtbm9ydGhlYXN0MS9mdW5jdGlvbnMvZ2V0R2l0aHViVG9rZW4qDAj07cPKBhDY8sStAzIIbm9kZWpzMjQ6egojZ2NyLmlvL2dhZS1ydW50aW1lcy9ub2RlanMyNDpzdGFibGUSU2FzaWEtbm9ydGhlYXN0MS1kb2NrZXIucGtnLmRldi9zZXJ2ZXJsZXNzLXJ1bnRpbWVzL2dvb2dsZS0yNC1mdWxsL3J1bnRpbWVzL25vZGVqczI0QAE= for region asia-northeast1
[debug] [2025-12-28T09:23:17.329Z] [create-default-asia-northeast1-getGithubToken] Retrying task index 0
[debug] [2025-12-28T09:23:17.330Z] Checked if tokens are valid: true, expires at: 1766915878626
[debug] [2025-12-28T09:23:17.330Z] Checked if tokens are valid: true, expires at: 1766915878626
[debug] [2025-12-28T09:23:17.330Z] >>> [apiv2][query] GET https://cloudfunctions.googleapis.com/v2/projects/olis-5e45c/locations/asia-northeast1/operations/operation-1766913705395-646ffa7c24559-d540811b-2ca5f25b [none]
[debug] [2025-12-28T09:23:17.669Z] <<< [apiv2][status] GET https://cloudfunctions.googleapis.com/v2/projects/olis-5e45c/locations/asia-northeast1/operations/operation-1766913705395-646ffa7c24559-d540811b-2ca5f25b 200
[debug] [2025-12-28T09:23:17.670Z] <<< [apiv2][body] GET https://cloudfunctions.googleapis.com/v2/projects/olis-5e45c/locations/asia-northeast1/operations/operation-1766913705395-646ffa7c24559-d540811b-2ca5f25b {"name":"projects/olis-5e45c/locations/asia-northeast1/operations/operation-1766913705395-646ffa7c24559-d540811b-2ca5f25b","metadata":{"@type":"type.googleapis.com/google.cloud.functions.v2.OperationMetadata","createTime":"2025-12-28T09:21:47.915878868Z","endTime":"2025-12-28T09:23:09.682574675Z","target":"projects/olis-5e45c/locations/asia-northeast1/functions/getGithubToken","verb":"create","cancelRequested":false,"apiVersion":"v2","requestResource":{"@type":"type.googleapis.com/google.cloud.functions.v2.Function","name":"projects/olis-5e45c/locations/asia-northeast1/functions/getGithubToken","buildConfig":{"runtime":"nodejs24","entryPoint":"getGithubToken","source":{"storageSource":{"bucket":"gcf-v2-sources-612108613836-asia-northeast1","object":"getGithubToken/function-source.zip","generation":"1766913706681344"}},"environmentVariables":{"GOOGLE_NODE_RUN_SCRIPTS":""},"serviceAccount":"projects/olis-5e45c/serviceAccounts/612108613836-compute@developer.gserviceaccount.com","automaticUpdatePolicy":{}},"serviceConfig":{"service":"projects/olis-5e45c/locations/asia-northeast1/services/getgithubtoken","timeoutSeconds":60,"environmentVariables":{"FIREBASE_CONFIG":"{\"projectId\":\"olis-5e45c\",\"storageBucket\":\"olis-5e45c.firebasestorage.app\"}","GCLOUD_PROJECT":"olis-5e45c","EVENTARC_CLOUD_EVENT_SOURCE":"projects/olis-5e45c/locations/asia-northeast1/services/getGithubToken","FUNCTION_TARGET":"getGithubToken","LOG_EXECUTION_ID":"true"},"maxInstanceCount":10,"ingressSettings":"ALLOW_ALL","serviceAccountEmail":"612108613836-compute@developer.gserviceaccount.com","availableMemory":"256Mi","secretEnvironmentVariables":[{"key":"GITHUB_CLIENT_SECRET","projectId":"olis-5e45c","secret":"GITHUB_CLIENT_SECRET","version":"2"}],"maxInstanceRequestConcurrency":80,"availableCpu":"1"},"labels":{"deployment-tool":"cli-firebase","deployment-callable":"true","firebase-functions-hash":"6c480355d5d96eeb4d2293fe1113df6954a66853"},"environment":"GEN_2"},"stages":[{"name":"BUILD","message":"Build finished","state":"COMPLETE","resource":"projects/612108613836/locations/asia-northeast1/builds/1e888c98-7c79-40ea-aa53-9038b70dd4d1","resourceUri":"https://console.cloud.google.com/cloud-build/builds;region=asia-northeast1/1e888c98-7c79-40ea-aa53-9038b70dd4d1?project=612108613836"},{"name":"SERVICE","message":"Creating Cloud Run service","state":"COMPLETE","resource":"projects/olis-5e45c/locations/asia-northeast1/services/getgithubtoken","resourceUri":"https://console.cloud.google.com/run/detail/asia-northeast1/getgithubtoken?project=olis-5e45c"}],"sourceToken":"Cltwcm9qZWN0cy82MTIxMDg2MTM4MzYvbG9jYXRpb25zL2FzaWEtbm9ydGhlYXN0MS9idWlsZHMvMWU4ODhjOTgtN2M3OS00MGVhLWFhNTMtOTAzOGI3MGRkNGQxEnFhc2lhLW5vcnRoZWFzdDEtZG9ja2VyLnBrZy5kZXYvb2xpcy01ZTQ1Yy9nY2YtYXJ0aWZhY3RzL29saXMtLTVlNDVjX19hc2lhLS1ub3J0aGVhc3QxX19nZXRfZ2l0aHViX3Rva2VuOnZlcnNpb25fMRjM8ZCk6BEiRnByb2plY3RzL29saXMtNWU0NWMvbG9jYXRpb25zL2FzaWEtbm9ydGhlYXN0MS9mdW5jdGlvbnMvZ2V0R2l0aHViVG9rZW4qDAj07cPKBhDY8sStAzIIbm9kZWpzMjQ6egojZ2NyLmlvL2dhZS1ydW50aW1lcy9ub2RlanMyNDpzdGFibGUSU2FzaWEtbm9ydGhlYXN0MS1kb2NrZXIucGtnLmRldi9zZXJ2ZXJsZXNzLXJ1bnRpbWVzL2dvb2dsZS0yNC1mdWxsL3J1bnRpbWVzL25vZGVqczI0QAE=","operationType":"CREATE_FUNCTION","buildName":"projects/612108613836/locations/asia-northeast1/builds/1e888c98-7c79-40ea-aa53-9038b70dd4d1"},"done":true,"response":{"@type":"type.googleapis.com/google.cloud.functions.v2.Function","name":"projects/olis-5e45c/locations/asia-northeast1/functions/getGithubToken","buildConfig":{"build":"projects/612108613836/locations/asia-northeast1/builds/1e888c98-7c79-40ea-aa53-9038b70dd4d1","runtime":"nodejs24","entryPoint":"getGithubToken","source":{"storageSource":{"bucket":"gcf-v2-sources-612108613836-asia-northeast1","object":"getGithubToken/function-source.zip","generation":"1766913706681344"}},"environmentVariables":{"GOOGLE_NODE_RUN_SCRIPTS":""},"dockerRepository":"projects/olis-5e45c/locations/asia-northeast1/repositories/gcf-artifacts","sourceProvenance":{"resolvedStorageSource":{"bucket":"gcf-v2-sources-612108613836-asia-northeast1","object":"getGithubToken/function-source.zip","generation":"1766913706681344"}},"dockerRegistry":"ARTIFACT_REGISTRY","serviceAccount":"projects/olis-5e45c/serviceAccounts/612108613836-compute@developer.gserviceaccount.com","automaticUpdatePolicy":{}},"serviceConfig":{"service":"projects/olis-5e45c/locations/asia-northeast1/services/getgithubtoken","timeoutSeconds":60,"environmentVariables":{"FIREBASE_CONFIG":"{\"projectId\":\"olis-5e45c\",\"storageBucket\":\"olis-5e45c.firebasestorage.app\"}","GCLOUD_PROJECT":"olis-5e45c","EVENTARC_CLOUD_EVENT_SOURCE":"projects/olis-5e45c/locations/asia-northeast1/services/getGithubToken","FUNCTION_TARGET":"getGithubToken","LOG_EXECUTION_ID":"true"},"maxInstanceCount":10,"ingressSettings":"ALLOW_ALL","uri":"https://getgithubtoken-evfcjzidfa-an.a.run.app","serviceAccountEmail":"612108613836-compute@developer.gserviceaccount.com","availableMemory":"256Mi","allTrafficOnLatestRevision":true,"secretEnvironmentVariables":[{"key":"GITHUB_CLIENT_SECRET","projectId":"olis-5e45c","secret":"GITHUB_CLIENT_SECRET","version":"2"}],"revision":"getgithubtoken-00001-del","maxInstanceRequestConcurrency":80,"availableCpu":"1"},"state":"ACTIVE","updateTime":"2025-12-28T09:21:47.910535559Z","labels":{"deployment-tool":"cli-firebase","deployment-callable":"true","firebase-functions-hash":"6c480355d5d96eeb4d2293fe1113df6954a66853"},"environment":"GEN_2","url":"https://asia-northeast1-olis-5e45c.cloudfunctions.net/getGithubToken","createTime":"2025-12-28T09:21:47.910535559Z","satisfiesPzi":true}}
[debug] [2025-12-28T09:23:17.670Z] Got source token Cltwcm9qZWN0cy82MTIxMDg2MTM4MzYvbG9jYXRpb25zL2FzaWEtbm9ydGhlYXN0MS9idWlsZHMvMWU4ODhjOTgtN2M3OS00MGVhLWFhNTMtOTAzOGI3MGRkNGQxEnFhc2lhLW5vcnRoZWFzdDEtZG9ja2VyLnBrZy5kZXYvb2xpcy01ZTQ1Yy9nY2YtYXJ0aWZhY3RzL29saXMtLTVlNDVjX19hc2lhLS1ub3J0aGVhc3QxX19nZXRfZ2l0aHViX3Rva2VuOnZlcnNpb25fMRjM8ZCk6BEiRnByb2plY3RzL29saXMtNWU0NWMvbG9jYXRpb25zL2FzaWEtbm9ydGhlYXN0MS9mdW5jdGlvbnMvZ2V0R2l0aHViVG9rZW4qDAj07cPKBhDY8sStAzIIbm9kZWpzMjQ6egojZ2NyLmlvL2dhZS1ydW50aW1lcy9ub2RlanMyNDpzdGFibGUSU2FzaWEtbm9ydGhlYXN0MS1kb2NrZXIucGtnLmRldi9zZXJ2ZXJsZXNzLXJ1bnRpbWVzL2dvb2dsZS0yNC1mdWxsL3J1bnRpbWVzL25vZGVqczI0QAE= for region asia-northeast1
[debug] [2025-12-28T09:23:17.671Z] Checked if tokens are valid: true, expires at: 1766915878626
[debug] [2025-12-28T09:23:17.671Z] Checked if tokens are valid: true, expires at: 1766915878626
[debug] [2025-12-28T09:23:17.672Z] >>> [apiv2][query] POST https://run.googleapis.com/v1/projects/olis-5e45c/locations/asia-northeast1/services/getgithubtoken:setIamPolicy [none]
[debug] [2025-12-28T09:23:17.672Z] >>> [apiv2][body] POST https://run.googleapis.com/v1/projects/olis-5e45c/locations/asia-northeast1/services/getgithubtoken:setIamPolicy {"policy":{"bindings":[{"role":"roles/run.invoker","members":["allUsers"]}],"etag":"","version":3},"updateMask":"bindings,etag,version"}
[debug] [2025-12-28T09:23:18.183Z] <<< [apiv2][status] POST https://run.googleapis.com/v1/projects/olis-5e45c/locations/asia-northeast1/services/getgithubtoken:setIamPolicy 200
[debug] [2025-12-28T09:23:18.183Z] <<< [apiv2][body] POST https://run.googleapis.com/v1/projects/olis-5e45c/locations/asia-northeast1/services/getgithubtoken:setIamPolicy {"version":1,"etag":"BwZG/61IZNQ=","bindings":[{"role":"roles/run.invoker","members":["allUsers"]}]}
[info] ✔  functions[getGithubToken(asia-northeast1)] Successful create operation. 
[debug] [2025-12-28T09:23:18.192Z] Total Function Deployment time: 93081
[debug] [2025-12-28T09:23:18.192Z] 1 Functions Deployed
[debug] [2025-12-28T09:23:18.192Z] 0 Functions Errored
[debug] [2025-12-28T09:23:18.192Z] 0 Function Deployments Aborted
[debug] [2025-12-28T09:23:18.192Z] Average Function Deployment time: 93080
[debug] [2025-12-28T09:23:18.277Z] Checked if tokens are valid: true, expires at: 1766915878626
[debug] [2025-12-28T09:23:18.277Z] Checked if tokens are valid: true, expires at: 1766915878626
[debug] [2025-12-28T09:23:18.277Z] >>> [apiv2][query] GET https://artifactregistry.googleapis.com/v1/projects/olis-5e45c/locations/asia-northeast1/repositories/gcf-artifacts [none]
[debug] [2025-12-28T09:23:18.685Z] <<< [apiv2][status] GET https://artifactregistry.googleapis.com/v1/projects/olis-5e45c/locations/asia-northeast1/repositories/gcf-artifacts 200
[debug] [2025-12-28T09:23:18.686Z] <<< [apiv2][body] GET https://artifactregistry.googleapis.com/v1/projects/olis-5e45c/locations/asia-northeast1/repositories/gcf-artifacts {"name":"projects/olis-5e45c/locations/asia-northeast1/repositories/gcf-artifacts","format":"DOCKER","description":"This repository is created and used by Cloud Functions for storing function docker images.","labels":{"goog-managed-by":"cloudfunctions"},"createTime":"2025-12-28T09:22:00.569045Z","updateTime":"2025-12-28T09:22:53.194924Z","mode":"STANDARD_REPOSITORY","sizeBytes":"102736589","vulnerabilityScanningConfig":{"lastEnableTime":"2025-12-28T09:21:48.101035870Z","enablementState":"SCANNING_DISABLED","enablementStateReason":"API containerscanning.googleapis.com is not enabled."},"satisfiesPzi":true,"registryUri":"asia-northeast1-docker.pkg.dev/olis-5e45c/gcf-artifacts"}
[warn] ⚠  functions: No cleanup policy detected for repositories in asia-northeast1. This may result in a small monthly bill as container images accumulate over time. 
